{"/home/y0014984/projects/65-o-fun/src/App.vue": {"path":"/home/y0014984/projects/65-o-fun/src/App.vue","all":true,"statementMap":{"0":{"start":{"line":1,"column":0},"end":{"line":1,"column":24}},"1":{"start":{"line":2,"column":0},"end":{"line":2,"column":53}},"3":{"start":{"line":4,"column":0},"end":{"line":4,"column":35}},"4":{"start":{"line":5,"column":0},"end":{"line":5,"column":45}},"6":{"start":{"line":7,"column":0},"end":{"line":7,"column":23}},"7":{"start":{"line":8,"column":0},"end":{"line":8,"column":33}},"8":{"start":{"line":9,"column":0},"end":{"line":9,"column":25}},"9":{"start":{"line":10,"column":0},"end":{"line":10,"column":1}},"10":{"start":{"line":11,"column":0},"end":{"line":11,"column":40}},"11":{"start":{"line":12,"column":0},"end":{"line":12,"column":41}},"13":{"start":{"line":14,"column":0},"end":{"line":14,"column":40}},"14":{"start":{"line":15,"column":0},"end":{"line":15,"column":36}},"16":{"start":{"line":17,"column":0},"end":{"line":17,"column":40}},"17":{"start":{"line":18,"column":0},"end":{"line":18,"column":36}},"19":{"start":{"line":20,"column":0},"end":{"line":20,"column":37}},"20":{"start":{"line":21,"column":0},"end":{"line":21,"column":41}},"21":{"start":{"line":22,"column":0},"end":{"line":22,"column":36}},"23":{"start":{"line":24,"column":0},"end":{"line":24,"column":40}},"24":{"start":{"line":25,"column":0},"end":{"line":25,"column":37}},"26":{"start":{"line":27,"column":0},"end":{"line":27,"column":38}},"27":{"start":{"line":28,"column":0},"end":{"line":28,"column":42}},"28":{"start":{"line":29,"column":0},"end":{"line":29,"column":37}},"30":{"start":{"line":31,"column":0},"end":{"line":31,"column":41}},"31":{"start":{"line":32,"column":0},"end":{"line":32,"column":37}},"32":{"start":{"line":33,"column":0},"end":{"line":33,"column":38}},"34":{"start":{"line":35,"column":0},"end":{"line":35,"column":38}},"36":{"start":{"line":37,"column":0},"end":{"line":37,"column":42}},"37":{"start":{"line":38,"column":0},"end":{"line":38,"column":42}},"39":{"start":{"line":40,"column":0},"end":{"line":40,"column":38}},"41":{"start":{"line":42,"column":0},"end":{"line":42,"column":42}},"42":{"start":{"line":43,"column":0},"end":{"line":43,"column":43}},"44":{"start":{"line":45,"column":0},"end":{"line":45,"column":41}},"45":{"start":{"line":46,"column":0},"end":{"line":46,"column":37}},"47":{"start":{"line":48,"column":0},"end":{"line":48,"column":32}},"49":{"start":{"line":50,"column":0},"end":{"line":50,"column":32}},"50":{"start":{"line":51,"column":0},"end":{"line":51,"column":30}},"51":{"start":{"line":52,"column":0},"end":{"line":52,"column":1}},"53":{"start":{"line":54,"column":0},"end":{"line":54,"column":47}},"57":{"start":{"line":58,"column":0},"end":{"line":58,"column":9}},"58":{"start":{"line":59,"column":0},"end":{"line":59,"column":51}},"59":{"start":{"line":60,"column":0},"end":{"line":60,"column":64}},"60":{"start":{"line":61,"column":0},"end":{"line":61,"column":12}},"61":{"start":{"line":62,"column":0},"end":{"line":62,"column":53}},"62":{"start":{"line":63,"column":0},"end":{"line":63,"column":74}},"63":{"start":{"line":64,"column":0},"end":{"line":64,"column":12}},"64":{"start":{"line":65,"column":0},"end":{"line":65,"column":10}},"65":{"start":{"line":66,"column":0},"end":{"line":66,"column":35}}},"s":{"0":0,"1":0,"3":0,"4":0,"6":0,"7":0,"8":0,"9":0,"10":0,"11":0,"13":0,"14":0,"16":0,"17":0,"19":0,"20":0,"21":0,"23":0,"24":0,"26":0,"27":0,"28":0,"30":0,"31":0,"32":0,"34":0,"36":0,"37":0,"39":0,"41":0,"42":0,"44":0,"45":0,"47":0,"49":0,"50":0,"51":0,"53":0,"57":0,"58":0,"59":0,"60":0,"61":0,"62":0,"63":0,"64":0,"65":0},"branchMap":{"0":{"type":"branch","line":1,"loc":{"start":{"line":1,"column":0},"end":{"line":82,"column":-934}},"locations":[{"start":{"line":1,"column":0},"end":{"line":82,"column":-934}}]}},"b":{"0":[0]},"fnMap":{"0":{"name":"(empty-report)","decl":{"start":{"line":1,"column":0},"end":{"line":82,"column":-934}},"loc":{"start":{"line":1,"column":0},"end":{"line":82,"column":-934}},"line":1}},"f":{"0":0}}
,"/home/y0014984/projects/65-o-fun/src/main.ts": {"path":"/home/y0014984/projects/65-o-fun/src/main.ts","all":true,"statementMap":{"0":{"start":{"line":1,"column":0},"end":{"line":1,"column":31}},"1":{"start":{"line":2,"column":0},"end":{"line":2,"column":20}},"2":{"start":{"line":3,"column":0},"end":{"line":3,"column":27}},"4":{"start":{"line":5,"column":0},"end":{"line":5,"column":28}}},"s":{"0":0,"1":0,"2":0,"4":0},"branchMap":{"0":{"type":"branch","line":1,"loc":{"start":{"line":1,"column":110},"end":{"line":5,"column":28}},"locations":[{"start":{"line":1,"column":110},"end":{"line":5,"column":28}}]}},"b":{"0":[0]},"fnMap":{"0":{"name":"(empty-report)","decl":{"start":{"line":1,"column":110},"end":{"line":5,"column":28}},"loc":{"start":{"line":1,"column":110},"end":{"line":5,"column":28}},"line":1}},"f":{"0":0}}
,"/home/y0014984/projects/65-o-fun/src/components/HelloWorld.vue": {"path":"/home/y0014984/projects/65-o-fun/src/components/HelloWorld.vue","all":true,"statementMap":{"0":{"start":{"line":1,"column":0},"end":{"line":1,"column":24}},"1":{"start":{"line":2,"column":0},"end":{"line":2,"column":25}},"5":{"start":{"line":6,"column":0},"end":{"line":6,"column":20}},"9":{"start":{"line":10,"column":0},"end":{"line":10,"column":20}},"11":{"start":{"line":12,"column":0},"end":{"line":12,"column":20}},"12":{"start":{"line":13,"column":0},"end":{"line":13,"column":72}},"13":{"start":{"line":14,"column":0},"end":{"line":14,"column":7}},"15":{"start":{"line":16,"column":0},"end":{"line":16,"column":56}},"16":{"start":{"line":17,"column":0},"end":{"line":17,"column":8}},"17":{"start":{"line":18,"column":0},"end":{"line":18,"column":8}},"19":{"start":{"line":20,"column":0},"end":{"line":20,"column":5}},"21":{"start":{"line":22,"column":0},"end":{"line":22,"column":76}},"22":{"start":{"line":23,"column":0},"end":{"line":23,"column":20}},"23":{"start":{"line":24,"column":0},"end":{"line":24,"column":38}},"24":{"start":{"line":25,"column":0},"end":{"line":25,"column":6}},"25":{"start":{"line":26,"column":0},"end":{"line":26,"column":5}},"27":{"start":{"line":28,"column":0},"end":{"line":28,"column":6}},"28":{"start":{"line":29,"column":0},"end":{"line":29,"column":72}},"29":{"start":{"line":30,"column":0},"end":{"line":30,"column":21}},"30":{"start":{"line":31,"column":0},"end":{"line":31,"column":35}},"31":{"start":{"line":32,"column":0},"end":{"line":32,"column":6}},"32":{"start":{"line":33,"column":0},"end":{"line":33,"column":6}},"33":{"start":{"line":34,"column":0},"end":{"line":34,"column":76}}},"s":{"0":0,"1":0,"5":0,"9":0,"11":0,"12":0,"13":0,"15":0,"16":0,"17":0,"19":0,"21":0,"22":0,"23":0,"24":0,"25":0,"27":0,"28":0,"29":0,"30":0,"31":0,"32":0,"33":0},"branchMap":{"0":{"type":"branch","line":1,"loc":{"start":{"line":1,"column":855},"end":{"line":41,"column":8}},"locations":[{"start":{"line":1,"column":855},"end":{"line":41,"column":8}}]}},"b":{"0":[0]},"fnMap":{"0":{"name":"(empty-report)","decl":{"start":{"line":1,"column":855},"end":{"line":41,"column":8}},"loc":{"start":{"line":1,"column":855},"end":{"line":41,"column":8}},"line":1}},"f":{"0":0}}
,"/home/y0014984/projects/65-o-fun/src/logic/Byte.ts": {"path":"/home/y0014984/projects/65-o-fun/src/logic/Byte.ts","all":false,"statementMap":{"3":{"start":{"line":4,"column":0},"end":{"line":4,"column":27}},"4":{"start":{"line":5,"column":0},"end":{"line":5,"column":28}},"5":{"start":{"line":6,"column":0},"end":{"line":6,"column":127}},"7":{"start":{"line":8,"column":0},"end":{"line":8,"column":36}},"8":{"start":{"line":9,"column":0},"end":{"line":9,"column":27}},"9":{"start":{"line":10,"column":0},"end":{"line":10,"column":5}},"11":{"start":{"line":12,"column":0},"end":{"line":12,"column":26}},"12":{"start":{"line":13,"column":0},"end":{"line":13,"column":25}},"13":{"start":{"line":14,"column":0},"end":{"line":14,"column":5}},"15":{"start":{"line":16,"column":0},"end":{"line":16,"column":41}},"16":{"start":{"line":17,"column":0},"end":{"line":17,"column":32}},"17":{"start":{"line":18,"column":0},"end":{"line":18,"column":5}},"19":{"start":{"line":20,"column":0},"end":{"line":20,"column":57}},"20":{"start":{"line":21,"column":0},"end":{"line":21,"column":33}},"22":{"start":{"line":23,"column":0},"end":{"line":23,"column":31}},"23":{"start":{"line":24,"column":0},"end":{"line":24,"column":5}},"25":{"start":{"line":26,"column":0},"end":{"line":26,"column":21}},"26":{"start":{"line":27,"column":0},"end":{"line":27,"column":24}},"27":{"start":{"line":28,"column":0},"end":{"line":28,"column":5}},"29":{"start":{"line":30,"column":0},"end":{"line":30,"column":34}},"30":{"start":{"line":31,"column":0},"end":{"line":31,"column":70}},"31":{"start":{"line":32,"column":0},"end":{"line":32,"column":75}},"33":{"start":{"line":34,"column":0},"end":{"line":34,"column":25}},"35":{"start":{"line":36,"column":0},"end":{"line":36,"column":31}},"36":{"start":{"line":37,"column":0},"end":{"line":37,"column":5}},"38":{"start":{"line":39,"column":0},"end":{"line":39,"column":29}},"39":{"start":{"line":40,"column":0},"end":{"line":40,"column":73}},"40":{"start":{"line":41,"column":0},"end":{"line":41,"column":5}},"42":{"start":{"line":43,"column":0},"end":{"line":43,"column":42}},"43":{"start":{"line":44,"column":0},"end":{"line":44,"column":72}},"44":{"start":{"line":45,"column":0},"end":{"line":45,"column":41}},"45":{"start":{"line":46,"column":0},"end":{"line":46,"column":5}},"47":{"start":{"line":48,"column":0},"end":{"line":48,"column":29}},"48":{"start":{"line":49,"column":0},"end":{"line":49,"column":31}},"50":{"start":{"line":51,"column":0},"end":{"line":51,"column":29}},"53":{"start":{"line":54,"column":0},"end":{"line":54,"column":68}},"55":{"start":{"line":56,"column":0},"end":{"line":56,"column":21}},"56":{"start":{"line":57,"column":0},"end":{"line":57,"column":5}},"58":{"start":{"line":59,"column":0},"end":{"line":59,"column":42}},"59":{"start":{"line":60,"column":0},"end":{"line":60,"column":72}},"60":{"start":{"line":61,"column":0},"end":{"line":61,"column":40}},"61":{"start":{"line":62,"column":0},"end":{"line":62,"column":5}},"63":{"start":{"line":64,"column":0},"end":{"line":64,"column":29}},"64":{"start":{"line":65,"column":0},"end":{"line":65,"column":31}},"66":{"start":{"line":67,"column":0},"end":{"line":67,"column":29}},"69":{"start":{"line":70,"column":0},"end":{"line":70,"column":67}},"71":{"start":{"line":72,"column":0},"end":{"line":72,"column":21}},"72":{"start":{"line":73,"column":0},"end":{"line":73,"column":5}},"74":{"start":{"line":75,"column":0},"end":{"line":75,"column":33}},"75":{"start":{"line":76,"column":0},"end":{"line":76,"column":21}},"76":{"start":{"line":77,"column":0},"end":{"line":77,"column":24}},"77":{"start":{"line":78,"column":0},"end":{"line":78,"column":29}},"78":{"start":{"line":79,"column":0},"end":{"line":79,"column":22}},"79":{"start":{"line":80,"column":0},"end":{"line":80,"column":22}},"80":{"start":{"line":81,"column":0},"end":{"line":81,"column":94}},"81":{"start":{"line":82,"column":0},"end":{"line":82,"column":5}},"83":{"start":{"line":84,"column":0},"end":{"line":84,"column":33}},"84":{"start":{"line":85,"column":0},"end":{"line":85,"column":37}},"85":{"start":{"line":86,"column":0},"end":{"line":86,"column":95}},"86":{"start":{"line":87,"column":0},"end":{"line":87,"column":61}},"87":{"start":{"line":88,"column":0},"end":{"line":88,"column":5}},"88":{"start":{"line":89,"column":0},"end":{"line":89,"column":1}}},"s":{"3":1,"4":1,"5":32,"7":1,"8":32,"9":32,"11":1,"12":42,"13":42,"15":1,"16":21,"17":21,"19":1,"20":19,"22":19,"23":19,"25":1,"26":113,"27":113,"29":1,"30":79,"31":79,"33":79,"35":79,"36":79,"38":1,"39":2,"40":2,"42":1,"43":5,"44":5,"45":5,"47":1,"48":7,"50":7,"53":7,"55":7,"56":7,"58":1,"59":1,"60":1,"61":1,"63":1,"64":6,"66":6,"69":6,"71":6,"72":6,"74":1,"75":79,"76":79,"77":79,"78":79,"79":79,"80":79,"81":79,"83":1,"84":37,"85":37,"86":37,"87":37,"88":1},"branchMap":{"0":{"type":"branch","line":5,"loc":{"start":{"line":5,"column":12},"end":{"line":6,"column":127}},"locations":[{"start":{"line":5,"column":12},"end":{"line":6,"column":127}}]},"1":{"type":"branch","line":8,"loc":{"start":{"line":8,"column":4},"end":{"line":10,"column":5}},"locations":[{"start":{"line":8,"column":4},"end":{"line":10,"column":5}}]},"2":{"type":"branch","line":12,"loc":{"start":{"line":12,"column":11},"end":{"line":14,"column":5}},"locations":[{"start":{"line":12,"column":11},"end":{"line":14,"column":5}}]},"3":{"type":"branch","line":16,"loc":{"start":{"line":16,"column":11},"end":{"line":18,"column":5}},"locations":[{"start":{"line":16,"column":11},"end":{"line":18,"column":5}}]},"4":{"type":"branch","line":20,"loc":{"start":{"line":20,"column":11},"end":{"line":24,"column":5}},"locations":[{"start":{"line":20,"column":11},"end":{"line":24,"column":5}}]},"5":{"type":"branch","line":26,"loc":{"start":{"line":26,"column":11},"end":{"line":28,"column":5}},"locations":[{"start":{"line":26,"column":11},"end":{"line":28,"column":5}}]},"6":{"type":"branch","line":30,"loc":{"start":{"line":30,"column":11},"end":{"line":37,"column":5}},"locations":[{"start":{"line":30,"column":11},"end":{"line":37,"column":5}}]},"7":{"type":"branch","line":32,"loc":{"start":{"line":32,"column":23},"end":{"line":32,"column":75}},"locations":[{"start":{"line":32,"column":23},"end":{"line":32,"column":75}}]},"8":{"type":"branch","line":39,"loc":{"start":{"line":39,"column":11},"end":{"line":41,"column":5}},"locations":[{"start":{"line":39,"column":11},"end":{"line":41,"column":5}}]},"9":{"type":"branch","line":40,"loc":{"start":{"line":40,"column":31},"end":{"line":40,"column":59}},"locations":[{"start":{"line":40,"column":31},"end":{"line":40,"column":59}}]},"10":{"type":"branch","line":40,"loc":{"start":{"line":40,"column":53},"end":{"line":40,"column":73}},"locations":[{"start":{"line":40,"column":53},"end":{"line":40,"column":73}}]},"11":{"type":"branch","line":43,"loc":{"start":{"line":43,"column":11},"end":{"line":46,"column":5}},"locations":[{"start":{"line":43,"column":11},"end":{"line":46,"column":5}}]},"12":{"type":"branch","line":48,"loc":{"start":{"line":48,"column":11},"end":{"line":57,"column":5}},"locations":[{"start":{"line":48,"column":11},"end":{"line":57,"column":5}}]},"13":{"type":"branch","line":59,"loc":{"start":{"line":59,"column":11},"end":{"line":62,"column":5}},"locations":[{"start":{"line":59,"column":11},"end":{"line":62,"column":5}}]},"14":{"type":"branch","line":64,"loc":{"start":{"line":64,"column":11},"end":{"line":73,"column":5}},"locations":[{"start":{"line":64,"column":11},"end":{"line":73,"column":5}}]},"15":{"type":"branch","line":75,"loc":{"start":{"line":75,"column":14},"end":{"line":82,"column":5}},"locations":[{"start":{"line":75,"column":14},"end":{"line":82,"column":5}}]},"16":{"type":"branch","line":81,"loc":{"start":{"line":81,"column":21},"end":{"line":81,"column":92}},"locations":[{"start":{"line":81,"column":21},"end":{"line":81,"column":92}}]},"17":{"type":"branch","line":81,"loc":{"start":{"line":81,"column":73},"end":{"line":81,"column":86}},"locations":[{"start":{"line":81,"column":73},"end":{"line":81,"column":86}}]},"18":{"type":"branch","line":81,"loc":{"start":{"line":81,"column":79},"end":{"line":81,"column":92}},"locations":[{"start":{"line":81,"column":79},"end":{"line":81,"column":92}}]},"19":{"type":"branch","line":84,"loc":{"start":{"line":84,"column":14},"end":{"line":88,"column":5}},"locations":[{"start":{"line":84,"column":14},"end":{"line":88,"column":5}}]},"20":{"type":"branch","line":86,"loc":{"start":{"line":86,"column":35},"end":{"line":86,"column":93}},"locations":[{"start":{"line":86,"column":35},"end":{"line":86,"column":93}}]},"21":{"type":"branch","line":86,"loc":{"start":{"line":86,"column":73},"end":{"line":86,"column":89}},"locations":[{"start":{"line":86,"column":73},"end":{"line":86,"column":89}}]},"22":{"type":"branch","line":86,"loc":{"start":{"line":86,"column":83},"end":{"line":86,"column":93}},"locations":[{"start":{"line":86,"column":83},"end":{"line":86,"column":93}}]}},"b":{"0":[32],"1":[32],"2":[42],"3":[21],"4":[19],"5":[113],"6":[79],"7":[1],"8":[2],"9":[1],"10":[1],"11":[5],"12":[7],"13":[1],"14":[6],"15":[79],"16":[632],"17":[185],"18":[447],"19":[37],"20":[296],"21":[106],"22":[190]},"fnMap":{"0":{"name":"<instance_members_initializer>","decl":{"start":{"line":5,"column":12},"end":{"line":6,"column":127}},"loc":{"start":{"line":5,"column":12},"end":{"line":6,"column":127}},"line":5},"1":{"name":"Byte","decl":{"start":{"line":8,"column":4},"end":{"line":10,"column":5}},"loc":{"start":{"line":8,"column":4},"end":{"line":10,"column":5}},"line":8},"2":{"name":"getBitArray","decl":{"start":{"line":12,"column":11},"end":{"line":14,"column":5}},"loc":{"start":{"line":12,"column":11},"end":{"line":14,"column":5}},"line":12},"3":{"name":"getBitByIndex","decl":{"start":{"line":16,"column":11},"end":{"line":18,"column":5}},"loc":{"start":{"line":16,"column":11},"end":{"line":18,"column":5}},"line":16},"4":{"name":"setBitByIndex","decl":{"start":{"line":20,"column":11},"end":{"line":24,"column":5}},"loc":{"start":{"line":20,"column":11},"end":{"line":24,"column":5}},"line":20},"5":{"name":"getInt","decl":{"start":{"line":26,"column":11},"end":{"line":28,"column":5}},"loc":{"start":{"line":26,"column":11},"end":{"line":28,"column":5}},"line":26},"6":{"name":"setInt","decl":{"start":{"line":30,"column":11},"end":{"line":37,"column":5}},"loc":{"start":{"line":30,"column":11},"end":{"line":37,"column":5}},"line":30},"7":{"name":"getAsSignedInt","decl":{"start":{"line":39,"column":11},"end":{"line":41,"column":5}},"loc":{"start":{"line":39,"column":11},"end":{"line":41,"column":5}},"line":39},"8":{"name":"setAsHexString","decl":{"start":{"line":43,"column":11},"end":{"line":46,"column":5}},"loc":{"start":{"line":43,"column":11},"end":{"line":46,"column":5}},"line":43},"9":{"name":"getAsHexString","decl":{"start":{"line":48,"column":11},"end":{"line":57,"column":5}},"loc":{"start":{"line":48,"column":11},"end":{"line":57,"column":5}},"line":48},"10":{"name":"setAsBitString","decl":{"start":{"line":59,"column":11},"end":{"line":62,"column":5}},"loc":{"start":{"line":59,"column":11},"end":{"line":62,"column":5}},"line":59},"11":{"name":"getAsBitString","decl":{"start":{"line":64,"column":11},"end":{"line":73,"column":5}},"loc":{"start":{"line":64,"column":11},"end":{"line":73,"column":5}},"line":64},"12":{"name":"setBitsFromByte","decl":{"start":{"line":75,"column":14},"end":{"line":82,"column":5}},"loc":{"start":{"line":75,"column":14},"end":{"line":82,"column":5}},"line":75},"13":{"name":"setByteFromBits","decl":{"start":{"line":84,"column":14},"end":{"line":88,"column":5}},"loc":{"start":{"line":84,"column":14},"end":{"line":88,"column":5}},"line":84}},"f":{"0":32,"1":32,"2":42,"3":21,"4":19,"5":113,"6":79,"7":2,"8":5,"9":7,"10":1,"11":6,"12":79,"13":37}}
,"/home/y0014984/projects/65-o-fun/src/logic/Processor.ts": {"path":"/home/y0014984/projects/65-o-fun/src/logic/Processor.ts","all":false,"statementMap":{"0":{"start":{"line":1,"column":0},"end":{"line":1,"column":26}},"4":{"start":{"line":5,"column":0},"end":{"line":5,"column":32}},"5":{"start":{"line":6,"column":0},"end":{"line":6,"column":21}},"6":{"start":{"line":7,"column":0},"end":{"line":7,"column":59}},"7":{"start":{"line":8,"column":0},"end":{"line":8,"column":58}},"8":{"start":{"line":9,"column":0},"end":{"line":9,"column":54}},"9":{"start":{"line":10,"column":0},"end":{"line":10,"column":54}},"10":{"start":{"line":11,"column":0},"end":{"line":11,"column":65}},"11":{"start":{"line":12,"column":0},"end":{"line":12,"column":60}},"12":{"start":{"line":13,"column":0},"end":{"line":13,"column":101}},"14":{"start":{"line":15,"column":0},"end":{"line":15,"column":33}},"15":{"start":{"line":16,"column":0},"end":{"line":16,"column":26}},"17":{"start":{"line":18,"column":0},"end":{"line":18,"column":29}},"18":{"start":{"line":19,"column":0},"end":{"line":19,"column":5}},"20":{"start":{"line":21,"column":0},"end":{"line":21,"column":21}},"21":{"start":{"line":22,"column":0},"end":{"line":22,"column":38}},"22":{"start":{"line":23,"column":0},"end":{"line":23,"column":5}},"24":{"start":{"line":25,"column":0},"end":{"line":25,"column":26}},"25":{"start":{"line":26,"column":0},"end":{"line":26,"column":32}},"27":{"start":{"line":28,"column":0},"end":{"line":28,"column":46}},"29":{"start":{"line":30,"column":0},"end":{"line":30,"column":43}},"30":{"start":{"line":31,"column":0},"end":{"line":31,"column":36}},"31":{"start":{"line":32,"column":0},"end":{"line":32,"column":52}},"32":{"start":{"line":33,"column":0},"end":{"line":33,"column":22}},"34":{"start":{"line":35,"column":0},"end":{"line":35,"column":35}},"35":{"start":{"line":36,"column":0},"end":{"line":36,"column":51}},"36":{"start":{"line":37,"column":0},"end":{"line":37,"column":22}},"38":{"start":{"line":39,"column":0},"end":{"line":39,"column":38}},"39":{"start":{"line":40,"column":0},"end":{"line":40,"column":52}},"40":{"start":{"line":41,"column":0},"end":{"line":41,"column":22}},"42":{"start":{"line":43,"column":0},"end":{"line":43,"column":37}},"43":{"start":{"line":44,"column":0},"end":{"line":44,"column":69}},"44":{"start":{"line":45,"column":0},"end":{"line":45,"column":22}},"46":{"start":{"line":47,"column":0},"end":{"line":47,"column":40}},"47":{"start":{"line":48,"column":0},"end":{"line":48,"column":70}},"48":{"start":{"line":49,"column":0},"end":{"line":49,"column":22}},"50":{"start":{"line":51,"column":0},"end":{"line":51,"column":40}},"51":{"start":{"line":52,"column":0},"end":{"line":52,"column":70}},"52":{"start":{"line":53,"column":0},"end":{"line":53,"column":22}},"54":{"start":{"line":55,"column":0},"end":{"line":55,"column":40}},"55":{"start":{"line":56,"column":0},"end":{"line":56,"column":58}},"56":{"start":{"line":57,"column":0},"end":{"line":57,"column":22}},"58":{"start":{"line":59,"column":0},"end":{"line":59,"column":40}},"59":{"start":{"line":60,"column":0},"end":{"line":60,"column":58}},"60":{"start":{"line":61,"column":0},"end":{"line":61,"column":22}},"62":{"start":{"line":63,"column":0},"end":{"line":63,"column":36}},"63":{"start":{"line":64,"column":0},"end":{"line":64,"column":52}},"64":{"start":{"line":65,"column":0},"end":{"line":65,"column":22}},"66":{"start":{"line":67,"column":0},"end":{"line":67,"column":35}},"67":{"start":{"line":68,"column":0},"end":{"line":68,"column":51}},"68":{"start":{"line":69,"column":0},"end":{"line":69,"column":22}},"70":{"start":{"line":71,"column":0},"end":{"line":71,"column":38}},"71":{"start":{"line":72,"column":0},"end":{"line":72,"column":52}},"72":{"start":{"line":73,"column":0},"end":{"line":73,"column":22}},"74":{"start":{"line":75,"column":0},"end":{"line":75,"column":37}},"75":{"start":{"line":76,"column":0},"end":{"line":76,"column":69}},"76":{"start":{"line":77,"column":0},"end":{"line":77,"column":22}},"78":{"start":{"line":79,"column":0},"end":{"line":79,"column":40}},"79":{"start":{"line":80,"column":0},"end":{"line":80,"column":70}},"80":{"start":{"line":81,"column":0},"end":{"line":81,"column":22}},"82":{"start":{"line":83,"column":0},"end":{"line":83,"column":36}},"83":{"start":{"line":84,"column":0},"end":{"line":84,"column":52}},"84":{"start":{"line":85,"column":0},"end":{"line":85,"column":22}},"86":{"start":{"line":87,"column":0},"end":{"line":87,"column":35}},"87":{"start":{"line":88,"column":0},"end":{"line":88,"column":51}},"88":{"start":{"line":89,"column":0},"end":{"line":89,"column":22}},"90":{"start":{"line":91,"column":0},"end":{"line":91,"column":38}},"91":{"start":{"line":92,"column":0},"end":{"line":92,"column":52}},"92":{"start":{"line":93,"column":0},"end":{"line":93,"column":22}},"94":{"start":{"line":95,"column":0},"end":{"line":95,"column":37}},"95":{"start":{"line":96,"column":0},"end":{"line":96,"column":69}},"96":{"start":{"line":97,"column":0},"end":{"line":97,"column":22}},"98":{"start":{"line":99,"column":0},"end":{"line":99,"column":40}},"99":{"start":{"line":100,"column":0},"end":{"line":100,"column":70}},"100":{"start":{"line":101,"column":0},"end":{"line":101,"column":22}},"102":{"start":{"line":103,"column":0},"end":{"line":103,"column":35}},"103":{"start":{"line":104,"column":0},"end":{"line":104,"column":51}},"104":{"start":{"line":105,"column":0},"end":{"line":105,"column":22}},"106":{"start":{"line":107,"column":0},"end":{"line":107,"column":38}},"107":{"start":{"line":108,"column":0},"end":{"line":108,"column":52}},"108":{"start":{"line":109,"column":0},"end":{"line":109,"column":22}},"110":{"start":{"line":111,"column":0},"end":{"line":111,"column":37}},"111":{"start":{"line":112,"column":0},"end":{"line":112,"column":69}},"112":{"start":{"line":113,"column":0},"end":{"line":113,"column":22}},"114":{"start":{"line":115,"column":0},"end":{"line":115,"column":40}},"115":{"start":{"line":116,"column":0},"end":{"line":116,"column":70}},"116":{"start":{"line":117,"column":0},"end":{"line":117,"column":22}},"118":{"start":{"line":119,"column":0},"end":{"line":119,"column":40}},"119":{"start":{"line":120,"column":0},"end":{"line":120,"column":70}},"120":{"start":{"line":121,"column":0},"end":{"line":121,"column":22}},"122":{"start":{"line":123,"column":0},"end":{"line":123,"column":40}},"123":{"start":{"line":124,"column":0},"end":{"line":124,"column":58}},"124":{"start":{"line":125,"column":0},"end":{"line":125,"column":22}},"126":{"start":{"line":127,"column":0},"end":{"line":127,"column":40}},"127":{"start":{"line":128,"column":0},"end":{"line":128,"column":58}},"128":{"start":{"line":129,"column":0},"end":{"line":129,"column":22}},"130":{"start":{"line":131,"column":0},"end":{"line":131,"column":35}},"131":{"start":{"line":132,"column":0},"end":{"line":132,"column":51}},"132":{"start":{"line":133,"column":0},"end":{"line":133,"column":22}},"134":{"start":{"line":135,"column":0},"end":{"line":135,"column":38}},"135":{"start":{"line":136,"column":0},"end":{"line":136,"column":52}},"136":{"start":{"line":137,"column":0},"end":{"line":137,"column":22}},"138":{"start":{"line":139,"column":0},"end":{"line":139,"column":37}},"139":{"start":{"line":140,"column":0},"end":{"line":140,"column":69}},"140":{"start":{"line":141,"column":0},"end":{"line":141,"column":22}},"142":{"start":{"line":143,"column":0},"end":{"line":143,"column":35}},"143":{"start":{"line":144,"column":0},"end":{"line":144,"column":51}},"144":{"start":{"line":145,"column":0},"end":{"line":145,"column":22}},"146":{"start":{"line":147,"column":0},"end":{"line":147,"column":38}},"147":{"start":{"line":148,"column":0},"end":{"line":148,"column":52}},"148":{"start":{"line":149,"column":0},"end":{"line":149,"column":22}},"150":{"start":{"line":151,"column":0},"end":{"line":151,"column":37}},"151":{"start":{"line":152,"column":0},"end":{"line":152,"column":69}},"152":{"start":{"line":153,"column":0},"end":{"line":153,"column":22}},"154":{"start":{"line":155,"column":0},"end":{"line":155,"column":35}},"155":{"start":{"line":156,"column":0},"end":{"line":156,"column":51}},"156":{"start":{"line":157,"column":0},"end":{"line":157,"column":22}},"158":{"start":{"line":159,"column":0},"end":{"line":159,"column":38}},"159":{"start":{"line":160,"column":0},"end":{"line":160,"column":52}},"160":{"start":{"line":161,"column":0},"end":{"line":161,"column":22}},"162":{"start":{"line":163,"column":0},"end":{"line":163,"column":37}},"163":{"start":{"line":164,"column":0},"end":{"line":164,"column":69}},"164":{"start":{"line":165,"column":0},"end":{"line":165,"column":22}},"166":{"start":{"line":167,"column":0},"end":{"line":167,"column":40}},"167":{"start":{"line":168,"column":0},"end":{"line":168,"column":70}},"168":{"start":{"line":169,"column":0},"end":{"line":169,"column":22}},"170":{"start":{"line":171,"column":0},"end":{"line":171,"column":35}},"171":{"start":{"line":172,"column":0},"end":{"line":172,"column":51}},"172":{"start":{"line":173,"column":0},"end":{"line":173,"column":22}},"174":{"start":{"line":175,"column":0},"end":{"line":175,"column":38}},"175":{"start":{"line":176,"column":0},"end":{"line":176,"column":52}},"176":{"start":{"line":177,"column":0},"end":{"line":177,"column":22}},"178":{"start":{"line":179,"column":0},"end":{"line":179,"column":37}},"179":{"start":{"line":180,"column":0},"end":{"line":180,"column":69}},"180":{"start":{"line":181,"column":0},"end":{"line":181,"column":22}},"182":{"start":{"line":183,"column":0},"end":{"line":183,"column":40}},"183":{"start":{"line":184,"column":0},"end":{"line":184,"column":70}},"184":{"start":{"line":185,"column":0},"end":{"line":185,"column":22}},"186":{"start":{"line":187,"column":0},"end":{"line":187,"column":31}},"187":{"start":{"line":188,"column":0},"end":{"line":188,"column":27}},"188":{"start":{"line":189,"column":0},"end":{"line":189,"column":22}},"190":{"start":{"line":191,"column":0},"end":{"line":191,"column":31}},"191":{"start":{"line":192,"column":0},"end":{"line":192,"column":27}},"192":{"start":{"line":193,"column":0},"end":{"line":193,"column":22}},"194":{"start":{"line":195,"column":0},"end":{"line":195,"column":31}},"195":{"start":{"line":196,"column":0},"end":{"line":196,"column":27}},"196":{"start":{"line":197,"column":0},"end":{"line":197,"column":22}},"198":{"start":{"line":199,"column":0},"end":{"line":199,"column":31}},"199":{"start":{"line":200,"column":0},"end":{"line":200,"column":27}},"200":{"start":{"line":201,"column":0},"end":{"line":201,"column":22}},"202":{"start":{"line":203,"column":0},"end":{"line":203,"column":31}},"203":{"start":{"line":204,"column":0},"end":{"line":204,"column":27}},"204":{"start":{"line":205,"column":0},"end":{"line":205,"column":22}},"206":{"start":{"line":207,"column":0},"end":{"line":207,"column":31}},"207":{"start":{"line":208,"column":0},"end":{"line":208,"column":27}},"208":{"start":{"line":209,"column":0},"end":{"line":209,"column":22}},"210":{"start":{"line":211,"column":0},"end":{"line":211,"column":31}},"211":{"start":{"line":212,"column":0},"end":{"line":212,"column":27}},"212":{"start":{"line":213,"column":0},"end":{"line":213,"column":22}},"214":{"start":{"line":215,"column":0},"end":{"line":215,"column":31}},"215":{"start":{"line":216,"column":0},"end":{"line":216,"column":27}},"216":{"start":{"line":217,"column":0},"end":{"line":217,"column":22}},"218":{"start":{"line":219,"column":0},"end":{"line":219,"column":31}},"219":{"start":{"line":220,"column":0},"end":{"line":220,"column":27}},"220":{"start":{"line":221,"column":0},"end":{"line":221,"column":22}},"222":{"start":{"line":223,"column":0},"end":{"line":223,"column":31}},"223":{"start":{"line":224,"column":0},"end":{"line":224,"column":27}},"224":{"start":{"line":225,"column":0},"end":{"line":225,"column":22}},"226":{"start":{"line":227,"column":0},"end":{"line":227,"column":31}},"227":{"start":{"line":228,"column":0},"end":{"line":228,"column":27}},"228":{"start":{"line":229,"column":0},"end":{"line":229,"column":22}},"230":{"start":{"line":231,"column":0},"end":{"line":231,"column":36}},"231":{"start":{"line":232,"column":0},"end":{"line":232,"column":52}},"232":{"start":{"line":233,"column":0},"end":{"line":233,"column":22}},"234":{"start":{"line":235,"column":0},"end":{"line":235,"column":35}},"235":{"start":{"line":236,"column":0},"end":{"line":236,"column":51}},"236":{"start":{"line":237,"column":0},"end":{"line":237,"column":22}},"238":{"start":{"line":239,"column":0},"end":{"line":239,"column":38}},"239":{"start":{"line":240,"column":0},"end":{"line":240,"column":52}},"240":{"start":{"line":241,"column":0},"end":{"line":241,"column":22}},"242":{"start":{"line":243,"column":0},"end":{"line":243,"column":37}},"243":{"start":{"line":244,"column":0},"end":{"line":244,"column":69}},"244":{"start":{"line":245,"column":0},"end":{"line":245,"column":22}},"246":{"start":{"line":247,"column":0},"end":{"line":247,"column":40}},"247":{"start":{"line":248,"column":0},"end":{"line":248,"column":70}},"248":{"start":{"line":249,"column":0},"end":{"line":249,"column":22}},"250":{"start":{"line":251,"column":0},"end":{"line":251,"column":40}},"251":{"start":{"line":252,"column":0},"end":{"line":252,"column":70}},"252":{"start":{"line":253,"column":0},"end":{"line":253,"column":22}},"254":{"start":{"line":255,"column":0},"end":{"line":255,"column":40}},"255":{"start":{"line":256,"column":0},"end":{"line":256,"column":58}},"256":{"start":{"line":257,"column":0},"end":{"line":257,"column":22}},"258":{"start":{"line":259,"column":0},"end":{"line":259,"column":40}},"259":{"start":{"line":260,"column":0},"end":{"line":260,"column":58}},"260":{"start":{"line":261,"column":0},"end":{"line":261,"column":22}},"262":{"start":{"line":263,"column":0},"end":{"line":263,"column":36}},"263":{"start":{"line":264,"column":0},"end":{"line":264,"column":52}},"264":{"start":{"line":265,"column":0},"end":{"line":265,"column":22}},"266":{"start":{"line":267,"column":0},"end":{"line":267,"column":35}},"267":{"start":{"line":268,"column":0},"end":{"line":268,"column":51}},"268":{"start":{"line":269,"column":0},"end":{"line":269,"column":22}},"270":{"start":{"line":271,"column":0},"end":{"line":271,"column":38}},"271":{"start":{"line":272,"column":0},"end":{"line":272,"column":52}},"272":{"start":{"line":273,"column":0},"end":{"line":273,"column":22}},"274":{"start":{"line":275,"column":0},"end":{"line":275,"column":37}},"275":{"start":{"line":276,"column":0},"end":{"line":276,"column":69}},"276":{"start":{"line":277,"column":0},"end":{"line":277,"column":22}},"278":{"start":{"line":279,"column":0},"end":{"line":279,"column":40}},"279":{"start":{"line":280,"column":0},"end":{"line":280,"column":70}},"280":{"start":{"line":281,"column":0},"end":{"line":281,"column":22}},"282":{"start":{"line":283,"column":0},"end":{"line":283,"column":40}},"283":{"start":{"line":284,"column":0},"end":{"line":284,"column":70}},"284":{"start":{"line":285,"column":0},"end":{"line":285,"column":22}},"286":{"start":{"line":287,"column":0},"end":{"line":287,"column":40}},"287":{"start":{"line":288,"column":0},"end":{"line":288,"column":58}},"288":{"start":{"line":289,"column":0},"end":{"line":289,"column":22}},"290":{"start":{"line":291,"column":0},"end":{"line":291,"column":40}},"291":{"start":{"line":292,"column":0},"end":{"line":292,"column":58}},"292":{"start":{"line":293,"column":0},"end":{"line":293,"column":22}},"294":{"start":{"line":295,"column":0},"end":{"line":295,"column":36}},"295":{"start":{"line":296,"column":0},"end":{"line":296,"column":52}},"296":{"start":{"line":297,"column":0},"end":{"line":297,"column":22}},"298":{"start":{"line":299,"column":0},"end":{"line":299,"column":35}},"299":{"start":{"line":300,"column":0},"end":{"line":300,"column":51}},"300":{"start":{"line":301,"column":0},"end":{"line":301,"column":22}},"302":{"start":{"line":303,"column":0},"end":{"line":303,"column":38}},"303":{"start":{"line":304,"column":0},"end":{"line":304,"column":52}},"304":{"start":{"line":305,"column":0},"end":{"line":305,"column":22}},"306":{"start":{"line":307,"column":0},"end":{"line":307,"column":37}},"307":{"start":{"line":308,"column":0},"end":{"line":308,"column":69}},"308":{"start":{"line":309,"column":0},"end":{"line":309,"column":22}},"310":{"start":{"line":311,"column":0},"end":{"line":311,"column":40}},"311":{"start":{"line":312,"column":0},"end":{"line":312,"column":70}},"312":{"start":{"line":313,"column":0},"end":{"line":313,"column":22}},"314":{"start":{"line":315,"column":0},"end":{"line":315,"column":40}},"315":{"start":{"line":316,"column":0},"end":{"line":316,"column":70}},"316":{"start":{"line":317,"column":0},"end":{"line":317,"column":22}},"318":{"start":{"line":319,"column":0},"end":{"line":319,"column":40}},"319":{"start":{"line":320,"column":0},"end":{"line":320,"column":58}},"320":{"start":{"line":321,"column":0},"end":{"line":321,"column":22}},"322":{"start":{"line":323,"column":0},"end":{"line":323,"column":40}},"323":{"start":{"line":324,"column":0},"end":{"line":324,"column":58}},"324":{"start":{"line":325,"column":0},"end":{"line":325,"column":22}},"326":{"start":{"line":327,"column":0},"end":{"line":327,"column":36}},"327":{"start":{"line":328,"column":0},"end":{"line":328,"column":52}},"328":{"start":{"line":329,"column":0},"end":{"line":329,"column":22}},"330":{"start":{"line":331,"column":0},"end":{"line":331,"column":35}},"331":{"start":{"line":332,"column":0},"end":{"line":332,"column":51}},"332":{"start":{"line":333,"column":0},"end":{"line":333,"column":22}},"334":{"start":{"line":335,"column":0},"end":{"line":335,"column":37}},"335":{"start":{"line":336,"column":0},"end":{"line":336,"column":69}},"336":{"start":{"line":337,"column":0},"end":{"line":337,"column":22}},"338":{"start":{"line":339,"column":0},"end":{"line":339,"column":36}},"339":{"start":{"line":340,"column":0},"end":{"line":340,"column":52}},"340":{"start":{"line":341,"column":0},"end":{"line":341,"column":22}},"342":{"start":{"line":343,"column":0},"end":{"line":343,"column":35}},"343":{"start":{"line":344,"column":0},"end":{"line":344,"column":51}},"344":{"start":{"line":345,"column":0},"end":{"line":345,"column":22}},"346":{"start":{"line":347,"column":0},"end":{"line":347,"column":37}},"347":{"start":{"line":348,"column":0},"end":{"line":348,"column":69}},"348":{"start":{"line":349,"column":0},"end":{"line":349,"column":22}},"350":{"start":{"line":351,"column":0},"end":{"line":351,"column":31}},"351":{"start":{"line":352,"column":0},"end":{"line":352,"column":43}},"352":{"start":{"line":353,"column":0},"end":{"line":353,"column":22}},"354":{"start":{"line":355,"column":0},"end":{"line":355,"column":31}},"355":{"start":{"line":356,"column":0},"end":{"line":356,"column":43}},"356":{"start":{"line":357,"column":0},"end":{"line":357,"column":22}},"358":{"start":{"line":359,"column":0},"end":{"line":359,"column":31}},"359":{"start":{"line":360,"column":0},"end":{"line":360,"column":43}},"360":{"start":{"line":361,"column":0},"end":{"line":361,"column":22}},"362":{"start":{"line":363,"column":0},"end":{"line":363,"column":31}},"363":{"start":{"line":364,"column":0},"end":{"line":364,"column":43}},"364":{"start":{"line":365,"column":0},"end":{"line":365,"column":22}},"366":{"start":{"line":367,"column":0},"end":{"line":367,"column":31}},"367":{"start":{"line":368,"column":0},"end":{"line":368,"column":43}},"368":{"start":{"line":369,"column":0},"end":{"line":369,"column":22}},"370":{"start":{"line":371,"column":0},"end":{"line":371,"column":31}},"371":{"start":{"line":372,"column":0},"end":{"line":372,"column":43}},"372":{"start":{"line":373,"column":0},"end":{"line":373,"column":22}},"374":{"start":{"line":375,"column":0},"end":{"line":375,"column":31}},"375":{"start":{"line":376,"column":0},"end":{"line":376,"column":43}},"376":{"start":{"line":377,"column":0},"end":{"line":377,"column":22}},"378":{"start":{"line":379,"column":0},"end":{"line":379,"column":31}},"379":{"start":{"line":380,"column":0},"end":{"line":380,"column":43}},"380":{"start":{"line":381,"column":0},"end":{"line":381,"column":22}},"382":{"start":{"line":383,"column":0},"end":{"line":383,"column":37}},"383":{"start":{"line":384,"column":0},"end":{"line":384,"column":61}},"384":{"start":{"line":385,"column":0},"end":{"line":385,"column":22}},"386":{"start":{"line":387,"column":0},"end":{"line":387,"column":39}},"387":{"start":{"line":388,"column":0},"end":{"line":388,"column":69}},"388":{"start":{"line":389,"column":0},"end":{"line":389,"column":22}},"390":{"start":{"line":391,"column":0},"end":{"line":391,"column":31}},"391":{"start":{"line":392,"column":0},"end":{"line":392,"column":27}},"392":{"start":{"line":393,"column":0},"end":{"line":393,"column":22}},"394":{"start":{"line":395,"column":0},"end":{"line":395,"column":31}},"395":{"start":{"line":396,"column":0},"end":{"line":396,"column":27}},"396":{"start":{"line":397,"column":0},"end":{"line":397,"column":22}},"398":{"start":{"line":399,"column":0},"end":{"line":399,"column":31}},"399":{"start":{"line":400,"column":0},"end":{"line":400,"column":61}},"400":{"start":{"line":401,"column":0},"end":{"line":401,"column":22}},"402":{"start":{"line":403,"column":0},"end":{"line":403,"column":31}},"403":{"start":{"line":404,"column":0},"end":{"line":404,"column":27}},"404":{"start":{"line":405,"column":0},"end":{"line":405,"column":22}},"406":{"start":{"line":407,"column":0},"end":{"line":407,"column":31}},"407":{"start":{"line":408,"column":0},"end":{"line":408,"column":27}},"408":{"start":{"line":409,"column":0},"end":{"line":409,"column":22}},"410":{"start":{"line":411,"column":0},"end":{"line":411,"column":31}},"411":{"start":{"line":412,"column":0},"end":{"line":412,"column":27}},"412":{"start":{"line":413,"column":0},"end":{"line":413,"column":22}},"414":{"start":{"line":415,"column":0},"end":{"line":415,"column":31}},"415":{"start":{"line":416,"column":0},"end":{"line":416,"column":27}},"416":{"start":{"line":417,"column":0},"end":{"line":417,"column":22}},"418":{"start":{"line":419,"column":0},"end":{"line":419,"column":31}},"419":{"start":{"line":420,"column":0},"end":{"line":420,"column":27}},"420":{"start":{"line":421,"column":0},"end":{"line":421,"column":22}},"422":{"start":{"line":423,"column":0},"end":{"line":423,"column":31}},"423":{"start":{"line":424,"column":0},"end":{"line":424,"column":27}},"424":{"start":{"line":425,"column":0},"end":{"line":425,"column":22}},"426":{"start":{"line":427,"column":0},"end":{"line":427,"column":31}},"427":{"start":{"line":428,"column":0},"end":{"line":428,"column":27}},"428":{"start":{"line":429,"column":0},"end":{"line":429,"column":22}},"430":{"start":{"line":431,"column":0},"end":{"line":431,"column":31}},"431":{"start":{"line":432,"column":0},"end":{"line":432,"column":27}},"432":{"start":{"line":433,"column":0},"end":{"line":433,"column":22}},"434":{"start":{"line":435,"column":0},"end":{"line":435,"column":31}},"435":{"start":{"line":436,"column":0},"end":{"line":436,"column":27}},"436":{"start":{"line":437,"column":0},"end":{"line":437,"column":22}},"438":{"start":{"line":439,"column":0},"end":{"line":439,"column":31}},"439":{"start":{"line":440,"column":0},"end":{"line":440,"column":27}},"440":{"start":{"line":441,"column":0},"end":{"line":441,"column":22}},"442":{"start":{"line":443,"column":0},"end":{"line":443,"column":31}},"443":{"start":{"line":444,"column":0},"end":{"line":444,"column":27}},"444":{"start":{"line":445,"column":0},"end":{"line":445,"column":22}},"446":{"start":{"line":447,"column":0},"end":{"line":447,"column":36}},"447":{"start":{"line":448,"column":0},"end":{"line":448,"column":52}},"448":{"start":{"line":449,"column":0},"end":{"line":449,"column":22}},"450":{"start":{"line":451,"column":0},"end":{"line":451,"column":35}},"451":{"start":{"line":452,"column":0},"end":{"line":452,"column":51}},"452":{"start":{"line":453,"column":0},"end":{"line":453,"column":22}},"454":{"start":{"line":455,"column":0},"end":{"line":455,"column":38}},"455":{"start":{"line":456,"column":0},"end":{"line":456,"column":52}},"456":{"start":{"line":457,"column":0},"end":{"line":457,"column":22}},"458":{"start":{"line":459,"column":0},"end":{"line":459,"column":37}},"459":{"start":{"line":460,"column":0},"end":{"line":460,"column":69}},"460":{"start":{"line":461,"column":0},"end":{"line":461,"column":22}},"462":{"start":{"line":463,"column":0},"end":{"line":463,"column":40}},"463":{"start":{"line":464,"column":0},"end":{"line":464,"column":70}},"464":{"start":{"line":465,"column":0},"end":{"line":465,"column":22}},"466":{"start":{"line":467,"column":0},"end":{"line":467,"column":40}},"467":{"start":{"line":468,"column":0},"end":{"line":468,"column":70}},"468":{"start":{"line":469,"column":0},"end":{"line":469,"column":22}},"470":{"start":{"line":471,"column":0},"end":{"line":471,"column":40}},"471":{"start":{"line":472,"column":0},"end":{"line":472,"column":58}},"472":{"start":{"line":473,"column":0},"end":{"line":473,"column":22}},"474":{"start":{"line":475,"column":0},"end":{"line":475,"column":40}},"475":{"start":{"line":476,"column":0},"end":{"line":476,"column":58}},"476":{"start":{"line":477,"column":0},"end":{"line":477,"column":22}},"478":{"start":{"line":479,"column":0},"end":{"line":479,"column":36}},"479":{"start":{"line":480,"column":0},"end":{"line":480,"column":52}},"480":{"start":{"line":481,"column":0},"end":{"line":481,"column":22}},"482":{"start":{"line":483,"column":0},"end":{"line":483,"column":35}},"483":{"start":{"line":484,"column":0},"end":{"line":484,"column":51}},"484":{"start":{"line":485,"column":0},"end":{"line":485,"column":22}},"486":{"start":{"line":487,"column":0},"end":{"line":487,"column":38}},"487":{"start":{"line":488,"column":0},"end":{"line":488,"column":52}},"488":{"start":{"line":489,"column":0},"end":{"line":489,"column":22}},"490":{"start":{"line":491,"column":0},"end":{"line":491,"column":37}},"491":{"start":{"line":492,"column":0},"end":{"line":492,"column":69}},"492":{"start":{"line":493,"column":0},"end":{"line":493,"column":22}},"494":{"start":{"line":495,"column":0},"end":{"line":495,"column":40}},"495":{"start":{"line":496,"column":0},"end":{"line":496,"column":70}},"496":{"start":{"line":497,"column":0},"end":{"line":497,"column":22}},"498":{"start":{"line":499,"column":0},"end":{"line":499,"column":40}},"499":{"start":{"line":500,"column":0},"end":{"line":500,"column":70}},"500":{"start":{"line":501,"column":0},"end":{"line":501,"column":22}},"502":{"start":{"line":503,"column":0},"end":{"line":503,"column":40}},"503":{"start":{"line":504,"column":0},"end":{"line":504,"column":58}},"504":{"start":{"line":505,"column":0},"end":{"line":505,"column":22}},"506":{"start":{"line":507,"column":0},"end":{"line":507,"column":40}},"507":{"start":{"line":508,"column":0},"end":{"line":508,"column":58}},"508":{"start":{"line":509,"column":0},"end":{"line":509,"column":22}},"510":{"start":{"line":511,"column":0},"end":{"line":511,"column":36}},"511":{"start":{"line":512,"column":0},"end":{"line":512,"column":52}},"512":{"start":{"line":513,"column":0},"end":{"line":513,"column":22}},"514":{"start":{"line":515,"column":0},"end":{"line":515,"column":35}},"515":{"start":{"line":516,"column":0},"end":{"line":516,"column":51}},"516":{"start":{"line":517,"column":0},"end":{"line":517,"column":22}},"518":{"start":{"line":519,"column":0},"end":{"line":519,"column":38}},"519":{"start":{"line":520,"column":0},"end":{"line":520,"column":52}},"520":{"start":{"line":521,"column":0},"end":{"line":521,"column":22}},"522":{"start":{"line":523,"column":0},"end":{"line":523,"column":37}},"523":{"start":{"line":524,"column":0},"end":{"line":524,"column":69}},"524":{"start":{"line":525,"column":0},"end":{"line":525,"column":22}},"526":{"start":{"line":527,"column":0},"end":{"line":527,"column":40}},"527":{"start":{"line":528,"column":0},"end":{"line":528,"column":70}},"528":{"start":{"line":529,"column":0},"end":{"line":529,"column":22}},"530":{"start":{"line":531,"column":0},"end":{"line":531,"column":40}},"531":{"start":{"line":532,"column":0},"end":{"line":532,"column":70}},"532":{"start":{"line":533,"column":0},"end":{"line":533,"column":22}},"534":{"start":{"line":535,"column":0},"end":{"line":535,"column":40}},"535":{"start":{"line":536,"column":0},"end":{"line":536,"column":58}},"536":{"start":{"line":537,"column":0},"end":{"line":537,"column":22}},"538":{"start":{"line":539,"column":0},"end":{"line":539,"column":40}},"539":{"start":{"line":540,"column":0},"end":{"line":540,"column":58}},"540":{"start":{"line":541,"column":0},"end":{"line":541,"column":22}},"542":{"start":{"line":543,"column":0},"end":{"line":543,"column":43}},"543":{"start":{"line":544,"column":0},"end":{"line":544,"column":38}},"544":{"start":{"line":545,"column":0},"end":{"line":545,"column":22}},"546":{"start":{"line":547,"column":0},"end":{"line":547,"column":35}},"547":{"start":{"line":548,"column":0},"end":{"line":548,"column":51}},"548":{"start":{"line":549,"column":0},"end":{"line":549,"column":22}},"550":{"start":{"line":551,"column":0},"end":{"line":551,"column":38}},"551":{"start":{"line":552,"column":0},"end":{"line":552,"column":52}},"552":{"start":{"line":553,"column":0},"end":{"line":553,"column":22}},"554":{"start":{"line":555,"column":0},"end":{"line":555,"column":37}},"555":{"start":{"line":556,"column":0},"end":{"line":556,"column":69}},"556":{"start":{"line":557,"column":0},"end":{"line":557,"column":22}},"558":{"start":{"line":559,"column":0},"end":{"line":559,"column":40}},"559":{"start":{"line":560,"column":0},"end":{"line":560,"column":70}},"560":{"start":{"line":561,"column":0},"end":{"line":561,"column":22}},"562":{"start":{"line":563,"column":0},"end":{"line":563,"column":43}},"563":{"start":{"line":564,"column":0},"end":{"line":564,"column":38}},"564":{"start":{"line":565,"column":0},"end":{"line":565,"column":22}},"566":{"start":{"line":567,"column":0},"end":{"line":567,"column":35}},"567":{"start":{"line":568,"column":0},"end":{"line":568,"column":51}},"568":{"start":{"line":569,"column":0},"end":{"line":569,"column":22}},"570":{"start":{"line":571,"column":0},"end":{"line":571,"column":38}},"571":{"start":{"line":572,"column":0},"end":{"line":572,"column":52}},"572":{"start":{"line":573,"column":0},"end":{"line":573,"column":22}},"574":{"start":{"line":575,"column":0},"end":{"line":575,"column":37}},"575":{"start":{"line":576,"column":0},"end":{"line":576,"column":69}},"576":{"start":{"line":577,"column":0},"end":{"line":577,"column":22}},"578":{"start":{"line":579,"column":0},"end":{"line":579,"column":40}},"579":{"start":{"line":580,"column":0},"end":{"line":580,"column":70}},"580":{"start":{"line":581,"column":0},"end":{"line":581,"column":22}},"582":{"start":{"line":583,"column":0},"end":{"line":583,"column":43}},"583":{"start":{"line":584,"column":0},"end":{"line":584,"column":38}},"584":{"start":{"line":585,"column":0},"end":{"line":585,"column":22}},"586":{"start":{"line":587,"column":0},"end":{"line":587,"column":35}},"587":{"start":{"line":588,"column":0},"end":{"line":588,"column":51}},"588":{"start":{"line":589,"column":0},"end":{"line":589,"column":22}},"590":{"start":{"line":591,"column":0},"end":{"line":591,"column":38}},"591":{"start":{"line":592,"column":0},"end":{"line":592,"column":52}},"592":{"start":{"line":593,"column":0},"end":{"line":593,"column":22}},"594":{"start":{"line":595,"column":0},"end":{"line":595,"column":37}},"595":{"start":{"line":596,"column":0},"end":{"line":596,"column":69}},"596":{"start":{"line":597,"column":0},"end":{"line":597,"column":22}},"598":{"start":{"line":599,"column":0},"end":{"line":599,"column":40}},"599":{"start":{"line":600,"column":0},"end":{"line":600,"column":70}},"600":{"start":{"line":601,"column":0},"end":{"line":601,"column":22}},"602":{"start":{"line":603,"column":0},"end":{"line":603,"column":43}},"603":{"start":{"line":604,"column":0},"end":{"line":604,"column":38}},"604":{"start":{"line":605,"column":0},"end":{"line":605,"column":22}},"606":{"start":{"line":607,"column":0},"end":{"line":607,"column":35}},"607":{"start":{"line":608,"column":0},"end":{"line":608,"column":51}},"608":{"start":{"line":609,"column":0},"end":{"line":609,"column":22}},"610":{"start":{"line":611,"column":0},"end":{"line":611,"column":38}},"611":{"start":{"line":612,"column":0},"end":{"line":612,"column":52}},"612":{"start":{"line":613,"column":0},"end":{"line":613,"column":22}},"614":{"start":{"line":615,"column":0},"end":{"line":615,"column":37}},"615":{"start":{"line":616,"column":0},"end":{"line":616,"column":69}},"616":{"start":{"line":617,"column":0},"end":{"line":617,"column":22}},"618":{"start":{"line":619,"column":0},"end":{"line":619,"column":40}},"619":{"start":{"line":620,"column":0},"end":{"line":620,"column":70}},"620":{"start":{"line":621,"column":0},"end":{"line":621,"column":22}},"622":{"start":{"line":623,"column":0},"end":{"line":623,"column":35}},"623":{"start":{"line":624,"column":0},"end":{"line":624,"column":51}},"624":{"start":{"line":625,"column":0},"end":{"line":625,"column":22}},"626":{"start":{"line":627,"column":0},"end":{"line":627,"column":37}},"627":{"start":{"line":628,"column":0},"end":{"line":628,"column":69}},"628":{"start":{"line":629,"column":0},"end":{"line":629,"column":22}},"630":{"start":{"line":631,"column":0},"end":{"line":631,"column":31}},"632":{"start":{"line":633,"column":0},"end":{"line":633,"column":20}},"633":{"start":{"line":634,"column":0},"end":{"line":634,"column":22}},"634":{"start":{"line":635,"column":0},"end":{"line":635,"column":9}},"635":{"start":{"line":636,"column":0},"end":{"line":636,"column":5}},"637":{"start":{"line":638,"column":0},"end":{"line":638,"column":24}},"638":{"start":{"line":639,"column":0},"end":{"line":639,"column":50}},"639":{"start":{"line":640,"column":0},"end":{"line":640,"column":5}},"641":{"start":{"line":642,"column":0},"end":{"line":642,"column":17}},"642":{"start":{"line":643,"column":0},"end":{"line":643,"column":40}},"643":{"start":{"line":644,"column":0},"end":{"line":644,"column":36}},"644":{"start":{"line":645,"column":0},"end":{"line":645,"column":32}},"645":{"start":{"line":646,"column":0},"end":{"line":646,"column":5}},"649":{"start":{"line":650,"column":0},"end":{"line":650,"column":31}},"650":{"start":{"line":651,"column":0},"end":{"line":651,"column":38}},"652":{"start":{"line":653,"column":0},"end":{"line":653,"column":40}},"653":{"start":{"line":654,"column":0},"end":{"line":654,"column":5}},"655":{"start":{"line":656,"column":0},"end":{"line":656,"column":31}},"656":{"start":{"line":657,"column":0},"end":{"line":657,"column":58}},"658":{"start":{"line":659,"column":0},"end":{"line":659,"column":40}},"659":{"start":{"line":660,"column":0},"end":{"line":660,"column":5}},"661":{"start":{"line":662,"column":0},"end":{"line":662,"column":32}},"662":{"start":{"line":663,"column":0},"end":{"line":663,"column":76}},"664":{"start":{"line":665,"column":0},"end":{"line":665,"column":40}},"665":{"start":{"line":666,"column":0},"end":{"line":666,"column":5}},"667":{"start":{"line":668,"column":0},"end":{"line":668,"column":48}},"668":{"start":{"line":669,"column":0},"end":{"line":669,"column":52}},"670":{"start":{"line":671,"column":0},"end":{"line":671,"column":59}},"672":{"start":{"line":673,"column":0},"end":{"line":673,"column":40}},"673":{"start":{"line":674,"column":0},"end":{"line":674,"column":5}},"675":{"start":{"line":676,"column":0},"end":{"line":676,"column":49}},"676":{"start":{"line":677,"column":0},"end":{"line":677,"column":52}},"678":{"start":{"line":679,"column":0},"end":{"line":679,"column":77}},"680":{"start":{"line":681,"column":0},"end":{"line":681,"column":40}},"681":{"start":{"line":682,"column":0},"end":{"line":682,"column":5}},"683":{"start":{"line":684,"column":0},"end":{"line":684,"column":49}},"684":{"start":{"line":685,"column":0},"end":{"line":685,"column":52}},"686":{"start":{"line":687,"column":0},"end":{"line":687,"column":77}},"688":{"start":{"line":689,"column":0},"end":{"line":689,"column":40}},"689":{"start":{"line":690,"column":0},"end":{"line":690,"column":5}},"691":{"start":{"line":692,"column":0},"end":{"line":692,"column":38}},"692":{"start":{"line":693,"column":0},"end":{"line":693,"column":74}},"693":{"start":{"line":694,"column":0},"end":{"line":694,"column":79}},"695":{"start":{"line":696,"column":0},"end":{"line":696,"column":52}},"697":{"start":{"line":698,"column":0},"end":{"line":698,"column":59}},"699":{"start":{"line":700,"column":0},"end":{"line":700,"column":40}},"700":{"start":{"line":701,"column":0},"end":{"line":701,"column":5}},"702":{"start":{"line":703,"column":0},"end":{"line":703,"column":38}},"703":{"start":{"line":704,"column":0},"end":{"line":704,"column":56}},"704":{"start":{"line":705,"column":0},"end":{"line":705,"column":61}},"706":{"start":{"line":707,"column":0},"end":{"line":707,"column":52}},"708":{"start":{"line":709,"column":0},"end":{"line":709,"column":77}},"710":{"start":{"line":711,"column":0},"end":{"line":711,"column":40}},"711":{"start":{"line":712,"column":0},"end":{"line":712,"column":5}},"713":{"start":{"line":714,"column":0},"end":{"line":714,"column":31}},"714":{"start":{"line":715,"column":0},"end":{"line":715,"column":38}},"716":{"start":{"line":717,"column":0},"end":{"line":717,"column":40}},"717":{"start":{"line":718,"column":0},"end":{"line":718,"column":5}},"719":{"start":{"line":720,"column":0},"end":{"line":720,"column":31}},"720":{"start":{"line":721,"column":0},"end":{"line":721,"column":58}},"722":{"start":{"line":723,"column":0},"end":{"line":723,"column":40}},"723":{"start":{"line":724,"column":0},"end":{"line":724,"column":5}},"725":{"start":{"line":726,"column":0},"end":{"line":726,"column":32}},"726":{"start":{"line":727,"column":0},"end":{"line":727,"column":76}},"728":{"start":{"line":729,"column":0},"end":{"line":729,"column":40}},"729":{"start":{"line":730,"column":0},"end":{"line":730,"column":5}},"731":{"start":{"line":732,"column":0},"end":{"line":732,"column":48}},"732":{"start":{"line":733,"column":0},"end":{"line":733,"column":52}},"734":{"start":{"line":735,"column":0},"end":{"line":735,"column":59}},"736":{"start":{"line":737,"column":0},"end":{"line":737,"column":40}},"737":{"start":{"line":738,"column":0},"end":{"line":738,"column":5}},"739":{"start":{"line":740,"column":0},"end":{"line":740,"column":49}},"740":{"start":{"line":741,"column":0},"end":{"line":741,"column":52}},"742":{"start":{"line":743,"column":0},"end":{"line":743,"column":77}},"744":{"start":{"line":745,"column":0},"end":{"line":745,"column":40}},"745":{"start":{"line":746,"column":0},"end":{"line":746,"column":5}},"747":{"start":{"line":748,"column":0},"end":{"line":748,"column":31}},"748":{"start":{"line":749,"column":0},"end":{"line":749,"column":38}},"750":{"start":{"line":751,"column":0},"end":{"line":751,"column":40}},"751":{"start":{"line":752,"column":0},"end":{"line":752,"column":5}},"753":{"start":{"line":754,"column":0},"end":{"line":754,"column":31}},"754":{"start":{"line":755,"column":0},"end":{"line":755,"column":58}},"756":{"start":{"line":757,"column":0},"end":{"line":757,"column":40}},"757":{"start":{"line":758,"column":0},"end":{"line":758,"column":5}},"759":{"start":{"line":760,"column":0},"end":{"line":760,"column":32}},"760":{"start":{"line":761,"column":0},"end":{"line":761,"column":76}},"762":{"start":{"line":763,"column":0},"end":{"line":763,"column":40}},"763":{"start":{"line":764,"column":0},"end":{"line":764,"column":5}},"765":{"start":{"line":766,"column":0},"end":{"line":766,"column":48}},"766":{"start":{"line":767,"column":0},"end":{"line":767,"column":52}},"768":{"start":{"line":769,"column":0},"end":{"line":769,"column":59}},"770":{"start":{"line":771,"column":0},"end":{"line":771,"column":40}},"771":{"start":{"line":772,"column":0},"end":{"line":772,"column":5}},"773":{"start":{"line":774,"column":0},"end":{"line":774,"column":49}},"774":{"start":{"line":775,"column":0},"end":{"line":775,"column":52}},"776":{"start":{"line":777,"column":0},"end":{"line":777,"column":77}},"778":{"start":{"line":779,"column":0},"end":{"line":779,"column":40}},"779":{"start":{"line":780,"column":0},"end":{"line":780,"column":5}},"781":{"start":{"line":782,"column":0},"end":{"line":782,"column":31}},"782":{"start":{"line":783,"column":0},"end":{"line":783,"column":58}},"783":{"start":{"line":784,"column":0},"end":{"line":784,"column":5}},"785":{"start":{"line":786,"column":0},"end":{"line":786,"column":32}},"786":{"start":{"line":787,"column":0},"end":{"line":787,"column":76}},"787":{"start":{"line":788,"column":0},"end":{"line":788,"column":5}},"789":{"start":{"line":790,"column":0},"end":{"line":790,"column":48}},"790":{"start":{"line":791,"column":0},"end":{"line":791,"column":52}},"792":{"start":{"line":793,"column":0},"end":{"line":793,"column":59}},"793":{"start":{"line":794,"column":0},"end":{"line":794,"column":5}},"795":{"start":{"line":796,"column":0},"end":{"line":796,"column":49}},"796":{"start":{"line":797,"column":0},"end":{"line":797,"column":52}},"798":{"start":{"line":799,"column":0},"end":{"line":799,"column":77}},"799":{"start":{"line":800,"column":0},"end":{"line":800,"column":5}},"801":{"start":{"line":802,"column":0},"end":{"line":802,"column":49}},"802":{"start":{"line":803,"column":0},"end":{"line":803,"column":52}},"804":{"start":{"line":805,"column":0},"end":{"line":805,"column":77}},"805":{"start":{"line":806,"column":0},"end":{"line":806,"column":5}},"807":{"start":{"line":808,"column":0},"end":{"line":808,"column":38}},"808":{"start":{"line":809,"column":0},"end":{"line":809,"column":74}},"809":{"start":{"line":810,"column":0},"end":{"line":810,"column":79}},"811":{"start":{"line":812,"column":0},"end":{"line":812,"column":52}},"813":{"start":{"line":814,"column":0},"end":{"line":814,"column":59}},"814":{"start":{"line":815,"column":0},"end":{"line":815,"column":5}},"816":{"start":{"line":817,"column":0},"end":{"line":817,"column":38}},"817":{"start":{"line":818,"column":0},"end":{"line":818,"column":56}},"818":{"start":{"line":819,"column":0},"end":{"line":819,"column":61}},"820":{"start":{"line":821,"column":0},"end":{"line":821,"column":52}},"822":{"start":{"line":823,"column":0},"end":{"line":823,"column":77}},"823":{"start":{"line":824,"column":0},"end":{"line":824,"column":5}},"825":{"start":{"line":826,"column":0},"end":{"line":826,"column":31}},"826":{"start":{"line":827,"column":0},"end":{"line":827,"column":58}},"827":{"start":{"line":828,"column":0},"end":{"line":828,"column":5}},"829":{"start":{"line":830,"column":0},"end":{"line":830,"column":32}},"830":{"start":{"line":831,"column":0},"end":{"line":831,"column":76}},"831":{"start":{"line":832,"column":0},"end":{"line":832,"column":5}},"833":{"start":{"line":834,"column":0},"end":{"line":834,"column":48}},"834":{"start":{"line":835,"column":0},"end":{"line":835,"column":52}},"836":{"start":{"line":837,"column":0},"end":{"line":837,"column":59}},"837":{"start":{"line":838,"column":0},"end":{"line":838,"column":5}},"839":{"start":{"line":840,"column":0},"end":{"line":840,"column":31}},"840":{"start":{"line":841,"column":0},"end":{"line":841,"column":58}},"841":{"start":{"line":842,"column":0},"end":{"line":842,"column":5}},"843":{"start":{"line":844,"column":0},"end":{"line":844,"column":32}},"844":{"start":{"line":845,"column":0},"end":{"line":845,"column":76}},"845":{"start":{"line":846,"column":0},"end":{"line":846,"column":5}},"847":{"start":{"line":848,"column":0},"end":{"line":848,"column":48}},"848":{"start":{"line":849,"column":0},"end":{"line":849,"column":52}},"850":{"start":{"line":851,"column":0},"end":{"line":851,"column":59}},"851":{"start":{"line":852,"column":0},"end":{"line":852,"column":5}},"853":{"start":{"line":854,"column":0},"end":{"line":854,"column":31}},"854":{"start":{"line":855,"column":0},"end":{"line":855,"column":54}},"856":{"start":{"line":857,"column":0},"end":{"line":857,"column":59}},"857":{"start":{"line":858,"column":0},"end":{"line":858,"column":5}},"859":{"start":{"line":860,"column":0},"end":{"line":860,"column":32}},"860":{"start":{"line":861,"column":0},"end":{"line":861,"column":72}},"862":{"start":{"line":863,"column":0},"end":{"line":863,"column":77}},"863":{"start":{"line":864,"column":0},"end":{"line":864,"column":5}},"865":{"start":{"line":866,"column":0},"end":{"line":866,"column":48}},"866":{"start":{"line":867,"column":0},"end":{"line":867,"column":52}},"868":{"start":{"line":869,"column":0},"end":{"line":869,"column":55}},"870":{"start":{"line":871,"column":0},"end":{"line":871,"column":60}},"871":{"start":{"line":872,"column":0},"end":{"line":872,"column":5}},"873":{"start":{"line":874,"column":0},"end":{"line":874,"column":49}},"874":{"start":{"line":875,"column":0},"end":{"line":875,"column":52}},"876":{"start":{"line":877,"column":0},"end":{"line":877,"column":73}},"878":{"start":{"line":879,"column":0},"end":{"line":879,"column":78}},"879":{"start":{"line":880,"column":0},"end":{"line":880,"column":5}},"881":{"start":{"line":882,"column":0},"end":{"line":882,"column":31}},"882":{"start":{"line":883,"column":0},"end":{"line":883,"column":54}},"884":{"start":{"line":885,"column":0},"end":{"line":885,"column":59}},"885":{"start":{"line":886,"column":0},"end":{"line":886,"column":5}},"887":{"start":{"line":888,"column":0},"end":{"line":888,"column":32}},"888":{"start":{"line":889,"column":0},"end":{"line":889,"column":72}},"890":{"start":{"line":891,"column":0},"end":{"line":891,"column":77}},"891":{"start":{"line":892,"column":0},"end":{"line":892,"column":5}},"893":{"start":{"line":894,"column":0},"end":{"line":894,"column":48}},"894":{"start":{"line":895,"column":0},"end":{"line":895,"column":52}},"896":{"start":{"line":897,"column":0},"end":{"line":897,"column":55}},"898":{"start":{"line":899,"column":0},"end":{"line":899,"column":60}},"899":{"start":{"line":900,"column":0},"end":{"line":900,"column":5}},"901":{"start":{"line":902,"column":0},"end":{"line":902,"column":49}},"902":{"start":{"line":903,"column":0},"end":{"line":903,"column":52}},"904":{"start":{"line":905,"column":0},"end":{"line":905,"column":73}},"906":{"start":{"line":907,"column":0},"end":{"line":907,"column":78}},"907":{"start":{"line":908,"column":0},"end":{"line":908,"column":5}},"909":{"start":{"line":910,"column":0},"end":{"line":910,"column":11}},"910":{"start":{"line":911,"column":0},"end":{"line":911,"column":35}},"911":{"start":{"line":912,"column":0},"end":{"line":912,"column":5}},"913":{"start":{"line":914,"column":0},"end":{"line":914,"column":11}},"914":{"start":{"line":915,"column":0},"end":{"line":915,"column":35}},"915":{"start":{"line":916,"column":0},"end":{"line":916,"column":5}},"917":{"start":{"line":918,"column":0},"end":{"line":918,"column":11}},"918":{"start":{"line":919,"column":0},"end":{"line":919,"column":35}},"919":{"start":{"line":920,"column":0},"end":{"line":920,"column":5}},"921":{"start":{"line":922,"column":0},"end":{"line":922,"column":11}},"922":{"start":{"line":923,"column":0},"end":{"line":923,"column":35}},"923":{"start":{"line":924,"column":0},"end":{"line":924,"column":5}},"925":{"start":{"line":926,"column":0},"end":{"line":926,"column":11}},"926":{"start":{"line":927,"column":0},"end":{"line":927,"column":35}},"927":{"start":{"line":928,"column":0},"end":{"line":928,"column":5}},"929":{"start":{"line":930,"column":0},"end":{"line":930,"column":11}},"930":{"start":{"line":931,"column":0},"end":{"line":931,"column":34}},"931":{"start":{"line":932,"column":0},"end":{"line":932,"column":5}},"933":{"start":{"line":934,"column":0},"end":{"line":934,"column":11}},"934":{"start":{"line":935,"column":0},"end":{"line":935,"column":39}},"935":{"start":{"line":936,"column":0},"end":{"line":936,"column":5}},"937":{"start":{"line":938,"column":0},"end":{"line":938,"column":11}},"938":{"start":{"line":939,"column":0},"end":{"line":939,"column":38}},"939":{"start":{"line":940,"column":0},"end":{"line":940,"column":5}},"941":{"start":{"line":942,"column":0},"end":{"line":942,"column":11}},"942":{"start":{"line":943,"column":0},"end":{"line":943,"column":37}},"943":{"start":{"line":944,"column":0},"end":{"line":944,"column":5}},"945":{"start":{"line":946,"column":0},"end":{"line":946,"column":11}},"946":{"start":{"line":947,"column":0},"end":{"line":947,"column":36}},"947":{"start":{"line":948,"column":0},"end":{"line":948,"column":5}},"949":{"start":{"line":950,"column":0},"end":{"line":950,"column":11}},"950":{"start":{"line":951,"column":0},"end":{"line":951,"column":38}},"951":{"start":{"line":952,"column":0},"end":{"line":952,"column":5}},"953":{"start":{"line":954,"column":0},"end":{"line":954,"column":31}},"954":{"start":{"line":955,"column":0},"end":{"line":955,"column":55}},"956":{"start":{"line":957,"column":0},"end":{"line":957,"column":41}},"957":{"start":{"line":958,"column":0},"end":{"line":958,"column":5}},"959":{"start":{"line":960,"column":0},"end":{"line":960,"column":31}},"960":{"start":{"line":961,"column":0},"end":{"line":961,"column":75}},"962":{"start":{"line":963,"column":0},"end":{"line":963,"column":41}},"963":{"start":{"line":964,"column":0},"end":{"line":964,"column":5}},"965":{"start":{"line":966,"column":0},"end":{"line":966,"column":32}},"966":{"start":{"line":967,"column":0},"end":{"line":967,"column":93}},"968":{"start":{"line":969,"column":0},"end":{"line":969,"column":41}},"969":{"start":{"line":970,"column":0},"end":{"line":970,"column":5}},"971":{"start":{"line":972,"column":0},"end":{"line":972,"column":48}},"972":{"start":{"line":973,"column":0},"end":{"line":973,"column":52}},"974":{"start":{"line":975,"column":0},"end":{"line":975,"column":76}},"976":{"start":{"line":977,"column":0},"end":{"line":977,"column":41}},"977":{"start":{"line":978,"column":0},"end":{"line":978,"column":5}},"979":{"start":{"line":980,"column":0},"end":{"line":980,"column":49}},"980":{"start":{"line":981,"column":0},"end":{"line":981,"column":52}},"982":{"start":{"line":983,"column":0},"end":{"line":983,"column":94}},"984":{"start":{"line":985,"column":0},"end":{"line":985,"column":41}},"985":{"start":{"line":986,"column":0},"end":{"line":986,"column":5}},"987":{"start":{"line":988,"column":0},"end":{"line":988,"column":49}},"988":{"start":{"line":989,"column":0},"end":{"line":989,"column":52}},"990":{"start":{"line":991,"column":0},"end":{"line":991,"column":94}},"992":{"start":{"line":993,"column":0},"end":{"line":993,"column":41}},"993":{"start":{"line":994,"column":0},"end":{"line":994,"column":5}},"995":{"start":{"line":996,"column":0},"end":{"line":996,"column":38}},"996":{"start":{"line":997,"column":0},"end":{"line":997,"column":74}},"997":{"start":{"line":998,"column":0},"end":{"line":998,"column":79}},"999":{"start":{"line":1000,"column":0},"end":{"line":1000,"column":52}},"1001":{"start":{"line":1002,"column":0},"end":{"line":1002,"column":76}},"1003":{"start":{"line":1004,"column":0},"end":{"line":1004,"column":41}},"1004":{"start":{"line":1005,"column":0},"end":{"line":1005,"column":5}},"1006":{"start":{"line":1007,"column":0},"end":{"line":1007,"column":38}},"1007":{"start":{"line":1008,"column":0},"end":{"line":1008,"column":56}},"1008":{"start":{"line":1009,"column":0},"end":{"line":1009,"column":61}},"1010":{"start":{"line":1011,"column":0},"end":{"line":1011,"column":52}},"1012":{"start":{"line":1013,"column":0},"end":{"line":1013,"column":94}},"1014":{"start":{"line":1015,"column":0},"end":{"line":1015,"column":41}},"1015":{"start":{"line":1016,"column":0},"end":{"line":1016,"column":5}},"1017":{"start":{"line":1018,"column":0},"end":{"line":1018,"column":31}},"1018":{"start":{"line":1019,"column":0},"end":{"line":1019,"column":63}},"1020":{"start":{"line":1021,"column":0},"end":{"line":1021,"column":41}},"1021":{"start":{"line":1022,"column":0},"end":{"line":1022,"column":5}},"1023":{"start":{"line":1024,"column":0},"end":{"line":1024,"column":31}},"1024":{"start":{"line":1025,"column":0},"end":{"line":1025,"column":83}},"1026":{"start":{"line":1027,"column":0},"end":{"line":1027,"column":41}},"1027":{"start":{"line":1028,"column":0},"end":{"line":1028,"column":5}},"1029":{"start":{"line":1030,"column":0},"end":{"line":1030,"column":32}},"1030":{"start":{"line":1031,"column":0},"end":{"line":1031,"column":101}},"1032":{"start":{"line":1033,"column":0},"end":{"line":1033,"column":41}},"1033":{"start":{"line":1034,"column":0},"end":{"line":1034,"column":5}},"1035":{"start":{"line":1036,"column":0},"end":{"line":1036,"column":48}},"1036":{"start":{"line":1037,"column":0},"end":{"line":1037,"column":52}},"1038":{"start":{"line":1039,"column":0},"end":{"line":1039,"column":84}},"1040":{"start":{"line":1041,"column":0},"end":{"line":1041,"column":41}},"1041":{"start":{"line":1042,"column":0},"end":{"line":1042,"column":5}},"1043":{"start":{"line":1044,"column":0},"end":{"line":1044,"column":49}},"1044":{"start":{"line":1045,"column":0},"end":{"line":1045,"column":52}},"1046":{"start":{"line":1047,"column":0},"end":{"line":1047,"column":102}},"1048":{"start":{"line":1049,"column":0},"end":{"line":1049,"column":41}},"1049":{"start":{"line":1050,"column":0},"end":{"line":1050,"column":5}},"1051":{"start":{"line":1052,"column":0},"end":{"line":1052,"column":49}},"1052":{"start":{"line":1053,"column":0},"end":{"line":1053,"column":52}},"1054":{"start":{"line":1055,"column":0},"end":{"line":1055,"column":102}},"1056":{"start":{"line":1057,"column":0},"end":{"line":1057,"column":41}},"1057":{"start":{"line":1058,"column":0},"end":{"line":1058,"column":5}},"1059":{"start":{"line":1060,"column":0},"end":{"line":1060,"column":38}},"1060":{"start":{"line":1061,"column":0},"end":{"line":1061,"column":74}},"1061":{"start":{"line":1062,"column":0},"end":{"line":1062,"column":79}},"1063":{"start":{"line":1064,"column":0},"end":{"line":1064,"column":52}},"1065":{"start":{"line":1066,"column":0},"end":{"line":1066,"column":84}},"1067":{"start":{"line":1068,"column":0},"end":{"line":1068,"column":41}},"1068":{"start":{"line":1069,"column":0},"end":{"line":1069,"column":5}},"1070":{"start":{"line":1071,"column":0},"end":{"line":1071,"column":38}},"1071":{"start":{"line":1072,"column":0},"end":{"line":1072,"column":56}},"1072":{"start":{"line":1073,"column":0},"end":{"line":1073,"column":61}},"1074":{"start":{"line":1075,"column":0},"end":{"line":1075,"column":52}},"1076":{"start":{"line":1077,"column":0},"end":{"line":1077,"column":102}},"1078":{"start":{"line":1079,"column":0},"end":{"line":1079,"column":41}},"1079":{"start":{"line":1080,"column":0},"end":{"line":1080,"column":5}},"1081":{"start":{"line":1082,"column":0},"end":{"line":1082,"column":33}},"1082":{"start":{"line":1083,"column":0},"end":{"line":1083,"column":58}},"1084":{"start":{"line":1085,"column":0},"end":{"line":1085,"column":37}},"1085":{"start":{"line":1086,"column":0},"end":{"line":1086,"column":5}},"1087":{"start":{"line":1088,"column":0},"end":{"line":1088,"column":31}},"1088":{"start":{"line":1089,"column":0},"end":{"line":1089,"column":76}},"1090":{"start":{"line":1091,"column":0},"end":{"line":1091,"column":37}},"1091":{"start":{"line":1092,"column":0},"end":{"line":1092,"column":5}},"1093":{"start":{"line":1094,"column":0},"end":{"line":1094,"column":32}},"1094":{"start":{"line":1095,"column":0},"end":{"line":1095,"column":94}},"1096":{"start":{"line":1097,"column":0},"end":{"line":1097,"column":37}},"1097":{"start":{"line":1098,"column":0},"end":{"line":1098,"column":5}},"1099":{"start":{"line":1100,"column":0},"end":{"line":1100,"column":48}},"1100":{"start":{"line":1101,"column":0},"end":{"line":1101,"column":52}},"1102":{"start":{"line":1103,"column":0},"end":{"line":1103,"column":77}},"1104":{"start":{"line":1105,"column":0},"end":{"line":1105,"column":37}},"1105":{"start":{"line":1106,"column":0},"end":{"line":1106,"column":5}},"1107":{"start":{"line":1108,"column":0},"end":{"line":1108,"column":49}},"1108":{"start":{"line":1109,"column":0},"end":{"line":1109,"column":52}},"1110":{"start":{"line":1111,"column":0},"end":{"line":1111,"column":95}},"1112":{"start":{"line":1113,"column":0},"end":{"line":1113,"column":37}},"1113":{"start":{"line":1114,"column":0},"end":{"line":1114,"column":5}},"1115":{"start":{"line":1116,"column":0},"end":{"line":1116,"column":49}},"1116":{"start":{"line":1117,"column":0},"end":{"line":1117,"column":52}},"1118":{"start":{"line":1119,"column":0},"end":{"line":1119,"column":95}},"1120":{"start":{"line":1121,"column":0},"end":{"line":1121,"column":37}},"1121":{"start":{"line":1122,"column":0},"end":{"line":1122,"column":5}},"1123":{"start":{"line":1124,"column":0},"end":{"line":1124,"column":38}},"1124":{"start":{"line":1125,"column":0},"end":{"line":1125,"column":74}},"1125":{"start":{"line":1126,"column":0},"end":{"line":1126,"column":79}},"1127":{"start":{"line":1128,"column":0},"end":{"line":1128,"column":52}},"1129":{"start":{"line":1130,"column":0},"end":{"line":1130,"column":77}},"1131":{"start":{"line":1132,"column":0},"end":{"line":1132,"column":37}},"1132":{"start":{"line":1133,"column":0},"end":{"line":1133,"column":5}},"1134":{"start":{"line":1135,"column":0},"end":{"line":1135,"column":38}},"1135":{"start":{"line":1136,"column":0},"end":{"line":1136,"column":56}},"1136":{"start":{"line":1137,"column":0},"end":{"line":1137,"column":61}},"1138":{"start":{"line":1139,"column":0},"end":{"line":1139,"column":52}},"1140":{"start":{"line":1141,"column":0},"end":{"line":1141,"column":95}},"1142":{"start":{"line":1143,"column":0},"end":{"line":1143,"column":37}},"1143":{"start":{"line":1144,"column":0},"end":{"line":1144,"column":5}},"1145":{"start":{"line":1146,"column":0},"end":{"line":1146,"column":33}},"1146":{"start":{"line":1147,"column":0},"end":{"line":1147,"column":58}},"1148":{"start":{"line":1149,"column":0},"end":{"line":1149,"column":37}},"1149":{"start":{"line":1150,"column":0},"end":{"line":1150,"column":5}},"1151":{"start":{"line":1152,"column":0},"end":{"line":1152,"column":31}},"1152":{"start":{"line":1153,"column":0},"end":{"line":1153,"column":76}},"1154":{"start":{"line":1155,"column":0},"end":{"line":1155,"column":37}},"1155":{"start":{"line":1156,"column":0},"end":{"line":1156,"column":5}},"1157":{"start":{"line":1158,"column":0},"end":{"line":1158,"column":48}},"1158":{"start":{"line":1159,"column":0},"end":{"line":1159,"column":52}},"1160":{"start":{"line":1161,"column":0},"end":{"line":1161,"column":77}},"1162":{"start":{"line":1163,"column":0},"end":{"line":1163,"column":37}},"1163":{"start":{"line":1164,"column":0},"end":{"line":1164,"column":5}},"1165":{"start":{"line":1166,"column":0},"end":{"line":1166,"column":33}},"1166":{"start":{"line":1167,"column":0},"end":{"line":1167,"column":58}},"1168":{"start":{"line":1169,"column":0},"end":{"line":1169,"column":37}},"1169":{"start":{"line":1170,"column":0},"end":{"line":1170,"column":5}},"1171":{"start":{"line":1172,"column":0},"end":{"line":1172,"column":31}},"1172":{"start":{"line":1173,"column":0},"end":{"line":1173,"column":76}},"1174":{"start":{"line":1175,"column":0},"end":{"line":1175,"column":37}},"1175":{"start":{"line":1176,"column":0},"end":{"line":1176,"column":5}},"1177":{"start":{"line":1178,"column":0},"end":{"line":1178,"column":48}},"1178":{"start":{"line":1179,"column":0},"end":{"line":1179,"column":52}},"1180":{"start":{"line":1181,"column":0},"end":{"line":1181,"column":77}},"1182":{"start":{"line":1183,"column":0},"end":{"line":1183,"column":37}},"1183":{"start":{"line":1184,"column":0},"end":{"line":1184,"column":5}},"1185":{"start":{"line":1186,"column":0},"end":{"line":1186,"column":24}},"1186":{"start":{"line":1187,"column":0},"end":{"line":1187,"column":40}},"1187":{"start":{"line":1188,"column":0},"end":{"line":1188,"column":62}},"1188":{"start":{"line":1189,"column":0},"end":{"line":1189,"column":9}},"1189":{"start":{"line":1190,"column":0},"end":{"line":1190,"column":5}},"1191":{"start":{"line":1192,"column":0},"end":{"line":1192,"column":24}},"1192":{"start":{"line":1193,"column":0},"end":{"line":1193,"column":39}},"1193":{"start":{"line":1194,"column":0},"end":{"line":1194,"column":62}},"1194":{"start":{"line":1195,"column":0},"end":{"line":1195,"column":9}},"1195":{"start":{"line":1196,"column":0},"end":{"line":1196,"column":5}},"1197":{"start":{"line":1198,"column":0},"end":{"line":1198,"column":24}},"1198":{"start":{"line":1199,"column":0},"end":{"line":1199,"column":37}},"1199":{"start":{"line":1200,"column":0},"end":{"line":1200,"column":62}},"1200":{"start":{"line":1201,"column":0},"end":{"line":1201,"column":9}},"1201":{"start":{"line":1202,"column":0},"end":{"line":1202,"column":5}},"1203":{"start":{"line":1204,"column":0},"end":{"line":1204,"column":24}},"1204":{"start":{"line":1205,"column":0},"end":{"line":1205,"column":36}},"1205":{"start":{"line":1206,"column":0},"end":{"line":1206,"column":62}},"1206":{"start":{"line":1207,"column":0},"end":{"line":1207,"column":9}},"1207":{"start":{"line":1208,"column":0},"end":{"line":1208,"column":5}},"
[...]
umn":4},"end":{"line":1605,"column":5}},"line":1600},"145":{"name":"rolZeroPage","decl":{"start":{"line":1607,"column":4},"end":{"line":1612,"column":5}},"loc":{"start":{"line":1607,"column":4},"end":{"line":1612,"column":5}},"line":1607},"146":{"name":"rolZeroPageX","decl":{"start":{"line":1614,"column":4},"end":{"line":1619,"column":5}},"loc":{"start":{"line":1614,"column":4},"end":{"line":1619,"column":5}},"line":1614},"147":{"name":"rolAbsolute","decl":{"start":{"line":1621,"column":4},"end":{"line":1628,"column":5}},"loc":{"start":{"line":1621,"column":4},"end":{"line":1628,"column":5}},"line":1621},"148":{"name":"rolAbsoluteX","decl":{"start":{"line":1630,"column":4},"end":{"line":1637,"column":5}},"loc":{"start":{"line":1630,"column":4},"end":{"line":1637,"column":5}},"line":1630},"149":{"name":"rorAccumulator","decl":{"start":{"line":1639,"column":4},"end":{"line":1644,"column":5}},"loc":{"start":{"line":1639,"column":4},"end":{"line":1644,"column":5}},"line":1639},"150":{"name":"rorZeroPage","decl":{"start":{"line":1646,"column":4},"end":{"line":1651,"column":5}},"loc":{"start":{"line":1646,"column":4},"end":{"line":1651,"column":5}},"line":1646},"151":{"name":"rorZeroPageX","decl":{"start":{"line":1653,"column":4},"end":{"line":1658,"column":5}},"loc":{"start":{"line":1653,"column":4},"end":{"line":1658,"column":5}},"line":1653},"152":{"name":"rorAbsolute","decl":{"start":{"line":1660,"column":4},"end":{"line":1667,"column":5}},"loc":{"start":{"line":1660,"column":4},"end":{"line":1667,"column":5}},"line":1660},"153":{"name":"rorAbsoluteX","decl":{"start":{"line":1669,"column":4},"end":{"line":1676,"column":5}},"loc":{"start":{"line":1669,"column":4},"end":{"line":1676,"column":5}},"line":1669},"154":{"name":"bitZeroPage","decl":{"start":{"line":1678,"column":4},"end":{"line":1683,"column":5}},"loc":{"start":{"line":1678,"column":4},"end":{"line":1683,"column":5}},"line":1678},"155":{"name":"bitAbsolute","decl":{"start":{"line":1685,"column":4},"end":{"line":1692,"column":5}},"loc":{"start":{"line":1685,"column":4},"end":{"line":1692,"column":5}},"line":1685},"156":{"name":"setArithmeticFlags","decl":{"start":{"line":1696,"column":4},"end":{"line":1699,"column":5}},"loc":{"start":{"line":1696,"column":4},"end":{"line":1699,"column":5}},"line":1696},"157":{"name":"setAddSubstractFlags","decl":{"start":{"line":1701,"column":4},"end":{"line":1705,"column":5}},"loc":{"start":{"line":1701,"column":4},"end":{"line":1705,"column":5}},"line":1701},"158":{"name":"setCompareFlags","decl":{"start":{"line":1707,"column":4},"end":{"line":1711,"column":5}},"loc":{"start":{"line":1707,"column":4},"end":{"line":1711,"column":5}},"line":1707},"159":{"name":"shiftLeftByte","decl":{"start":{"line":1713,"column":4},"end":{"line":1722,"column":5}},"loc":{"start":{"line":1713,"column":4},"end":{"line":1722,"column":5}},"line":1713},"160":{"name":"shiftRightByte","decl":{"start":{"line":1724,"column":4},"end":{"line":1733,"column":5}},"loc":{"start":{"line":1724,"column":4},"end":{"line":1733,"column":5}},"line":1724},"161":{"name":"rotateLeftByte","decl":{"start":{"line":1735,"column":4},"end":{"line":1747,"column":5}},"loc":{"start":{"line":1735,"column":4},"end":{"line":1747,"column":5}},"line":1735},"162":{"name":"rotateRightByte","decl":{"start":{"line":1749,"column":4},"end":{"line":1761,"column":5}},"loc":{"start":{"line":1749,"column":4},"end":{"line":1761,"column":5}},"line":1749},"163":{"name":"addByteToAccumulator","decl":{"start":{"line":1763,"column":4},"end":{"line":1776,"column":5}},"loc":{"start":{"line":1763,"column":4},"end":{"line":1776,"column":5}},"line":1763},"164":{"name":"substractByteFromAccumulator","decl":{"start":{"line":1778,"column":4},"end":{"line":1791,"column":5}},"loc":{"start":{"line":1778,"column":4},"end":{"line":1791,"column":5}},"line":1778},"165":{"name":"pushOnStack","decl":{"start":{"line":1793,"column":4},"end":{"line":1796,"column":5}},"loc":{"start":{"line":1793,"column":4},"end":{"line":1796,"column":5}},"line":1793},"166":{"name":"pullFromStack","decl":{"start":{"line":1798,"column":4},"end":{"line":1801,"column":5}},"loc":{"start":{"line":1798,"column":4},"end":{"line":1801,"column":5}},"line":1798},"167":{"name":"incrementByte","decl":{"start":{"line":1803,"column":4},"end":{"line":1811,"column":5}},"loc":{"start":{"line":1803,"column":4},"end":{"line":1811,"column":5}},"line":1803},"168":{"name":"decrementByte","decl":{"start":{"line":1813,"column":4},"end":{"line":1821,"column":5}},"loc":{"start":{"line":1813,"column":4},"end":{"line":1821,"column":5}},"line":1813},"169":{"name":"incrementWord","decl":{"start":{"line":1823,"column":4},"end":{"line":1828,"column":5}},"loc":{"start":{"line":1823,"column":4},"end":{"line":1828,"column":5}},"line":1823},"170":{"name":"decrementWord","decl":{"start":{"line":1830,"column":4},"end":{"line":1835,"column":5}},"loc":{"start":{"line":1830,"column":4},"end":{"line":1835,"column":5}},"line":1830},"171":{"name":"addToByte","decl":{"start":{"line":1837,"column":4},"end":{"line":1850,"column":5}},"loc":{"start":{"line":1837,"column":4},"end":{"line":1850,"column":5}},"line":1837},"172":{"name":"addToWord","decl":{"start":{"line":1852,"column":4},"end":{"line":1855,"column":5}},"loc":{"start":{"line":1852,"column":4},"end":{"line":1855,"column":5}},"line":1852}},"f":{"0":2,"1":2,"2":2,"3":0,"4":1,"5":2,"6":0,"7":0,"8":0,"9":0,"10":0,"11":0,"12":0,"13":0,"14":0,"15":0,"16":0,"17":0,"18":0,"19":0,"20":0,"21":0,"22":0,"23":0,"24":0,"25":0,"26":0,"27":0,"28":0,"29":0,"30":0,"31":0,"32":0,"33":0,"34":0,"35":0,"36":0,"37":0,"38":0,"39":0,"40":0,"41":0,"42":0,"43":0,"44":0,"45":0,"46":0,"47":0,"48":0,"49":0,"50":0,"51":0,"52":0,"53":0,"54":0,"55":0,"56":0,"57":0,"58":0,"59":0,"60":0,"61":0,"62":0,"63":0,"64":0,"65":0,"66":0,"67":0,"68":0,"69":0,"70":0,"71":0,"72":0,"73":0,"74":0,"75":0,"76":0,"77":0,"78":0,"79":0,"80":0,"81":0,"82":0,"83":0,"84":0,"85":0,"86":0,"87":0,"88":0,"89":0,"90":0,"91":0,"92":0,"93":0,"94":0,"95":0,"96":0,"97":0,"98":0,"99":0,"100":0,"101":0,"102":0,"103":0,"104":0,"105":0,"106":0,"107":0,"108":0,"109":0,"110":0,"111":0,"112":0,"113":0,"114":0,"115":0,"116":0,"117":0,"118":0,"119":0,"120":0,"121":0,"122":0,"123":0,"124":0,"125":0,"126":0,"127":0,"128":0,"129":0,"130":0,"131":0,"132":0,"133":0,"134":0,"135":0,"136":0,"137":0,"138":0,"139":0,"140":0,"141":0,"142":0,"143":0,"144":0,"145":0,"146":0,"147":0,"148":0,"149":0,"150":0,"151":0,"152":0,"153":0,"154":0,"155":0,"156":0,"157":0,"158":0,"159":0,"160":0,"161":0,"162":0,"163":0,"164":0,"165":0,"166":0,"167":2,"168":0,"169":2,"170":0,"171":0,"172":0}}
,"/home/y0014984/projects/65-o-fun/src/logic/ProcessorStatusRegister.ts": {"path":"/home/y0014984/projects/65-o-fun/src/logic/ProcessorStatusRegister.ts","all":false,"statementMap":{"0":{"start":{"line":1,"column":0},"end":{"line":1,"column":26}},"2":{"start":{"line":3,"column":0},"end":{"line":3,"column":59}},"3":{"start":{"line":4,"column":0},"end":{"line":4,"column":36}},"4":{"start":{"line":5,"column":0},"end":{"line":5,"column":21}},"6":{"start":{"line":7,"column":0},"end":{"line":7,"column":32}},"7":{"start":{"line":8,"column":0},"end":{"line":8,"column":35}},"8":{"start":{"line":9,"column":0},"end":{"line":9,"column":5}},"10":{"start":{"line":11,"column":0},"end":{"line":11,"column":23}},"11":{"start":{"line":12,"column":0},"end":{"line":12,"column":37}},"12":{"start":{"line":13,"column":0},"end":{"line":13,"column":5}},"14":{"start":{"line":15,"column":0},"end":{"line":15,"column":23}},"15":{"start":{"line":16,"column":0},"end":{"line":16,"column":37}},"16":{"start":{"line":17,"column":0},"end":{"line":17,"column":5}},"18":{"start":{"line":19,"column":0},"end":{"line":19,"column":23}},"19":{"start":{"line":20,"column":0},"end":{"line":20,"column":37}},"20":{"start":{"line":21,"column":0},"end":{"line":21,"column":5}},"22":{"start":{"line":23,"column":0},"end":{"line":23,"column":20}},"23":{"start":{"line":24,"column":0},"end":{"line":24,"column":37}},"24":{"start":{"line":25,"column":0},"end":{"line":25,"column":5}},"26":{"start":{"line":27,"column":0},"end":{"line":27,"column":22}},"27":{"start":{"line":28,"column":0},"end":{"line":28,"column":37}},"28":{"start":{"line":29,"column":0},"end":{"line":29,"column":5}},"30":{"start":{"line":31,"column":0},"end":{"line":31,"column":24}},"31":{"start":{"line":32,"column":0},"end":{"line":32,"column":37}},"32":{"start":{"line":33,"column":0},"end":{"line":33,"column":5}},"34":{"start":{"line":35,"column":0},"end":{"line":35,"column":19}},"35":{"start":{"line":36,"column":0},"end":{"line":36,"column":37}},"36":{"start":{"line":37,"column":0},"end":{"line":37,"column":5}},"38":{"start":{"line":39,"column":0},"end":{"line":39,"column":20}},"39":{"start":{"line":40,"column":0},"end":{"line":40,"column":37}},"40":{"start":{"line":41,"column":0},"end":{"line":41,"column":5}},"42":{"start":{"line":43,"column":0},"end":{"line":43,"column":36}},"43":{"start":{"line":44,"column":0},"end":{"line":44,"column":36}},"44":{"start":{"line":45,"column":0},"end":{"line":45,"column":31}},"45":{"start":{"line":46,"column":0},"end":{"line":46,"column":5}},"47":{"start":{"line":48,"column":0},"end":{"line":48,"column":36}},"48":{"start":{"line":49,"column":0},"end":{"line":49,"column":36}},"49":{"start":{"line":50,"column":0},"end":{"line":50,"column":31}},"50":{"start":{"line":51,"column":0},"end":{"line":51,"column":5}},"52":{"start":{"line":53,"column":0},"end":{"line":53,"column":23}},"53":{"start":{"line":54,"column":0},"end":{"line":54,"column":36}},"54":{"start":{"line":55,"column":0},"end":{"line":55,"column":31}},"55":{"start":{"line":56,"column":0},"end":{"line":56,"column":5}},"57":{"start":{"line":58,"column":0},"end":{"line":58,"column":33}},"58":{"start":{"line":59,"column":0},"end":{"line":59,"column":36}},"59":{"start":{"line":60,"column":0},"end":{"line":60,"column":31}},"60":{"start":{"line":61,"column":0},"end":{"line":61,"column":5}},"62":{"start":{"line":63,"column":0},"end":{"line":63,"column":35}},"63":{"start":{"line":64,"column":0},"end":{"line":64,"column":36}},"64":{"start":{"line":65,"column":0},"end":{"line":65,"column":31}},"65":{"start":{"line":66,"column":0},"end":{"line":66,"column":5}},"67":{"start":{"line":68,"column":0},"end":{"line":68,"column":37}},"68":{"start":{"line":69,"column":0},"end":{"line":69,"column":36}},"69":{"start":{"line":70,"column":0},"end":{"line":70,"column":31}},"70":{"start":{"line":71,"column":0},"end":{"line":71,"column":5}},"72":{"start":{"line":73,"column":0},"end":{"line":73,"column":32}},"73":{"start":{"line":74,"column":0},"end":{"line":74,"column":36}},"74":{"start":{"line":75,"column":0},"end":{"line":75,"column":31}},"75":{"start":{"line":76,"column":0},"end":{"line":76,"column":5}},"77":{"start":{"line":78,"column":0},"end":{"line":78,"column":33}},"78":{"start":{"line":79,"column":0},"end":{"line":79,"column":36}},"79":{"start":{"line":80,"column":0},"end":{"line":80,"column":31}},"80":{"start":{"line":81,"column":0},"end":{"line":81,"column":5}},"81":{"start":{"line":82,"column":0},"end":{"line":82,"column":1}}},"s":{"0":1,"2":1,"3":1,"4":5,"6":5,"7":5,"8":5,"10":1,"11":2,"12":2,"14":1,"15":2,"16":2,"18":1,"19":2,"20":2,"22":1,"23":2,"24":2,"26":1,"27":2,"28":2,"30":1,"31":2,"32":2,"34":1,"35":2,"36":2,"38":1,"39":2,"40":2,"42":1,"43":1,"44":1,"45":1,"47":1,"48":1,"49":1,"50":1,"52":1,"53":6,"54":6,"55":6,"57":1,"58":6,"59":6,"60":6,"62":1,"63":1,"64":1,"65":1,"67":1,"68":1,"69":1,"70":1,"72":1,"73":1,"74":1,"75":1,"77":1,"78":1,"79":1,"80":1,"81":1},"branchMap":{"0":{"type":"branch","line":4,"loc":{"start":{"line":4,"column":4},"end":{"line":9,"column":5}},"locations":[{"start":{"line":4,"column":4},"end":{"line":9,"column":5}}]},"1":{"type":"branch","line":11,"loc":{"start":{"line":11,"column":4},"end":{"line":13,"column":5}},"locations":[{"start":{"line":11,"column":4},"end":{"line":13,"column":5}}]},"2":{"type":"branch","line":15,"loc":{"start":{"line":15,"column":4},"end":{"line":17,"column":5}},"locations":[{"start":{"line":15,"column":4},"end":{"line":17,"column":5}}]},"3":{"type":"branch","line":19,"loc":{"start":{"line":19,"column":4},"end":{"line":21,"column":5}},"locations":[{"start":{"line":19,"column":4},"end":{"line":21,"column":5}}]},"4":{"type":"branch","line":23,"loc":{"start":{"line":23,"column":4},"end":{"line":25,"column":5}},"locations":[{"start":{"line":23,"column":4},"end":{"line":25,"column":5}}]},"5":{"type":"branch","line":27,"loc":{"start":{"line":27,"column":4},"end":{"line":29,"column":5}},"locations":[{"start":{"line":27,"column":4},"end":{"line":29,"column":5}}]},"6":{"type":"branch","line":31,"loc":{"start":{"line":31,"column":4},"end":{"line":33,"column":5}},"locations":[{"start":{"line":31,"column":4},"end":{"line":33,"column":5}}]},"7":{"type":"branch","line":35,"loc":{"start":{"line":35,"column":4},"end":{"line":37,"column":5}},"locations":[{"start":{"line":35,"column":4},"end":{"line":37,"column":5}}]},"8":{"type":"branch","line":39,"loc":{"start":{"line":39,"column":4},"end":{"line":41,"column":5}},"locations":[{"start":{"line":39,"column":4},"end":{"line":41,"column":5}}]},"9":{"type":"branch","line":43,"loc":{"start":{"line":43,"column":4},"end":{"line":46,"column":5}},"locations":[{"start":{"line":43,"column":4},"end":{"line":46,"column":5}}]},"10":{"type":"branch","line":48,"loc":{"start":{"line":48,"column":4},"end":{"line":51,"column":5}},"locations":[{"start":{"line":48,"column":4},"end":{"line":51,"column":5}}]},"11":{"type":"branch","line":53,"loc":{"start":{"line":53,"column":4},"end":{"line":56,"column":5}},"locations":[{"start":{"line":53,"column":4},"end":{"line":56,"column":5}}]},"12":{"type":"branch","line":58,"loc":{"start":{"line":58,"column":4},"end":{"line":61,"column":5}},"locations":[{"start":{"line":58,"column":4},"end":{"line":61,"column":5}}]},"13":{"type":"branch","line":63,"loc":{"start":{"line":63,"column":4},"end":{"line":66,"column":5}},"locations":[{"start":{"line":63,"column":4},"end":{"line":66,"column":5}}]},"14":{"type":"branch","line":68,"loc":{"start":{"line":68,"column":4},"end":{"line":71,"column":5}},"locations":[{"start":{"line":68,"column":4},"end":{"line":71,"column":5}}]},"15":{"type":"branch","line":73,"loc":{"start":{"line":73,"column":4},"end":{"line":76,"column":5}},"locations":[{"start":{"line":73,"column":4},"end":{"line":76,"column":5}}]},"16":{"type":"branch","line":78,"loc":{"start":{"line":78,"column":4},"end":{"line":81,"column":5}},"locations":[{"start":{"line":78,"column":4},"end":{"line":81,"column":5}}]}},"b":{"0":[5],"1":[2],"2":[2],"3":[2],"4":[2],"5":[2],"6":[2],"7":[2],"8":[2],"9":[1],"10":[1],"11":[6],"12":[6],"13":[1],"14":[1],"15":[1],"16":[1]},"fnMap":{"0":{"name":"ProcessorStatusRegister","decl":{"start":{"line":4,"column":4},"end":{"line":9,"column":5}},"loc":{"start":{"line":4,"column":4},"end":{"line":9,"column":5}},"line":4},"1":{"name":"getNegativeFlag","decl":{"start":{"line":11,"column":4},"end":{"line":13,"column":5}},"loc":{"start":{"line":11,"column":4},"end":{"line":13,"column":5}},"line":11},"2":{"name":"getOverflowFlag","decl":{"start":{"line":15,"column":4},"end":{"line":17,"column":5}},"loc":{"start":{"line":15,"column":4},"end":{"line":17,"column":5}},"line":15},"3":{"name":"getExpansionBit","decl":{"start":{"line":19,"column":4},"end":{"line":21,"column":5}},"loc":{"start":{"line":19,"column":4},"end":{"line":21,"column":5}},"line":19},"4":{"name":"getBreakFlag","decl":{"start":{"line":23,"column":4},"end":{"line":25,"column":5}},"loc":{"start":{"line":23,"column":4},"end":{"line":25,"column":5}},"line":23},"5":{"name":"getDecimalFlag","decl":{"start":{"line":27,"column":4},"end":{"line":29,"column":5}},"loc":{"start":{"line":27,"column":4},"end":{"line":29,"column":5}},"line":27},"6":{"name":"getInterruptFlag","decl":{"start":{"line":31,"column":4},"end":{"line":33,"column":5}},"loc":{"start":{"line":31,"column":4},"end":{"line":33,"column":5}},"line":31},"7":{"name":"getZeroFlag","decl":{"start":{"line":35,"column":4},"end":{"line":37,"column":5}},"loc":{"start":{"line":35,"column":4},"end":{"line":37,"column":5}},"line":35},"8":{"name":"getCarryFlag","decl":{"start":{"line":39,"column":4},"end":{"line":41,"column":5}},"loc":{"start":{"line":39,"column":4},"end":{"line":41,"column":5}},"line":39},"9":{"name":"setNegativeFlag","decl":{"start":{"line":43,"column":4},"end":{"line":46,"column":5}},"loc":{"start":{"line":43,"column":4},"end":{"line":46,"column":5}},"line":43},"10":{"name":"setOverflowFlag","decl":{"start":{"line":48,"column":4},"end":{"line":51,"column":5}},"loc":{"start":{"line":48,"column":4},"end":{"line":51,"column":5}},"line":48},"11":{"name":"setExpansionBit","decl":{"start":{"line":53,"column":4},"end":{"line":56,"column":5}},"loc":{"start":{"line":53,"column":4},"end":{"line":56,"column":5}},"line":53},"12":{"name":"setBreakFlag","decl":{"start":{"line":58,"column":4},"end":{"line":61,"column":5}},"loc":{"start":{"line":58,"column":4},"end":{"line":61,"column":5}},"line":58},"13":{"name":"setDecimalFlag","decl":{"start":{"line":63,"column":4},"end":{"line":66,"column":5}},"loc":{"start":{"line":63,"column":4},"end":{"line":66,"column":5}},"line":63},"14":{"name":"setInterruptFlag","decl":{"start":{"line":68,"column":4},"end":{"line":71,"column":5}},"loc":{"start":{"line":68,"column":4},"end":{"line":71,"column":5}},"line":68},"15":{"name":"setZeroFlag","decl":{"start":{"line":73,"column":4},"end":{"line":76,"column":5}},"loc":{"start":{"line":73,"column":4},"end":{"line":76,"column":5}},"line":73},"16":{"name":"setCarryFlag","decl":{"start":{"line":78,"column":4},"end":{"line":81,"column":5}},"loc":{"start":{"line":78,"column":4},"end":{"line":81,"column":5}},"line":78}},"f":{"0":5,"1":2,"2":2,"3":2,"4":2,"5":2,"6":2,"7":2,"8":2,"9":1,"10":1,"11":6,"12":6,"13":1,"14":1,"15":1,"16":1}}
,"/home/y0014984/projects/65-o-fun/src/logic/Word.ts": {"path":"/home/y0014984/projects/65-o-fun/src/logic/Word.ts","all":false,"statementMap":{"0":{"start":{"line":1,"column":0},"end":{"line":1,"column":26}},"2":{"start":{"line":3,"column":0},"end":{"line":3,"column":27}},"3":{"start":{"line":4,"column":0},"end":{"line":4,"column":18}},"4":{"start":{"line":5,"column":0},"end":{"line":5,"column":19}},"6":{"start":{"line":7,"column":0},"end":{"line":7,"column":88}},"7":{"start":{"line":8,"column":0},"end":{"line":8,"column":38}},"8":{"start":{"line":9,"column":0},"end":{"line":9,"column":40}},"9":{"start":{"line":10,"column":0},"end":{"line":10,"column":5}},"11":{"start":{"line":12,"column":0},"end":{"line":12,"column":14}},"12":{"start":{"line":13,"column":0},"end":{"line":13,"column":68}},"13":{"start":{"line":14,"column":0},"end":{"line":14,"column":5}},"14":{"start":{"line":15,"column":0},"end":{"line":15,"column":1}}},"s":{"0":1,"2":1,"3":1,"4":3,"6":1,"7":3,"8":3,"9":3,"11":1,"12":3,"13":3,"14":1},"branchMap":{"0":{"type":"branch","line":4,"loc":{"start":{"line":4,"column":4},"end":{"line":5,"column":19}},"locations":[{"start":{"line":4,"column":4},"end":{"line":5,"column":19}}]},"1":{"type":"branch","line":7,"loc":{"start":{"line":7,"column":4},"end":{"line":10,"column":5}},"locations":[{"start":{"line":7,"column":4},"end":{"line":10,"column":5}}]},"2":{"type":"branch","line":12,"loc":{"start":{"line":12,"column":4},"end":{"line":14,"column":5}},"locations":[{"start":{"line":12,"column":4},"end":{"line":14,"column":5}}]}},"b":{"0":[3],"1":[3],"2":[3]},"fnMap":{"0":{"name":"<instance_members_initializer>","decl":{"start":{"line":4,"column":4},"end":{"line":5,"column":19}},"loc":{"start":{"line":4,"column":4},"end":{"line":5,"column":19}},"line":4},"1":{"name":"Word","decl":{"start":{"line":7,"column":4},"end":{"line":10,"column":5}},"loc":{"start":{"line":7,"column":4},"end":{"line":10,"column":5}},"line":7},"2":{"name":"getInt","decl":{"start":{"line":12,"column":4},"end":{"line":14,"column":5}},"loc":{"start":{"line":12,"column":4},"end":{"line":14,"column":5}},"line":12}},"f":{"0":3,"1":3,"2":3}}
}
